Command line invocation:
    /Applications/Xcode.app/Contents/Developer/usr/bin/xcodebuild build -scheme "PubSub Viewer" -destination platform=macOS

Resolve Package Graph


Resolved source packages:
  SwiftyNats: https://github.com/aus-der-Technik/SwiftyNats @ 2.2.0
  swift-collections: https://github.com/apple/swift-collections.git @ 1.3.0
  swift-log: https://github.com/apple/swift-log.git @ 1.8.0
  swift-nio: https://github.com/apple/swift-nio.git @ 2.92.1
  swift-system: https://github.com/apple/swift-system.git @ 1.6.3
  swift-atomics: https://github.com/apple/swift-atomics.git @ 1.3.0

2026-01-10 10:49:07.101 xcodebuild[5436:7312756] [MT] IDERunDestination: Supported platforms for the buildables in the current scheme is empty.
--- xcodebuild: WARNING: Using the first of multiple matching destinations:
{ platform:macOS, arch:arm64, id:00006040-000C49E93A00801C, name:My Mac }
{ platform:macOS, arch:x86_64, id:00006040-000C49E93A00801C, name:My Mac }
ComputePackagePrebuildTargetDependencyGraph

Prepare packages

CreateBuildRequest

SendProjectDescription

CreateBuildOperation

ComputeTargetDependencyGraph
note: Building targets in dependency order
note: Target dependency graph (27 targets)
    Target 'PubSub Viewer' in project 'PubSub Viewer'
        ➜ Explicit dependency on target 'SwiftyNats' in project 'SwiftyNats'
    Target 'SwiftyNats' in project 'SwiftyNats'
        ➜ Explicit dependency on target 'SwiftyNats' in project 'SwiftyNats'
        ➜ Explicit dependency on target 'NIO' in project 'swift-nio'
        ➜ Explicit dependency on target 'Logging' in project 'swift-log'
    Target 'SwiftyNats' in project 'SwiftyNats'
        ➜ Explicit dependency on target 'NIO' in project 'swift-nio'
        ➜ Explicit dependency on target 'Logging' in project 'swift-log'
    Target 'Logging' in project 'swift-log'
        ➜ Explicit dependency on target 'Logging' in project 'swift-log'
    Target 'Logging' in project 'swift-log' (no dependencies)
    Target 'NIO' in project 'swift-nio'
        ➜ Explicit dependency on target 'NIO' in project 'swift-nio'
        ➜ Explicit dependency on target 'CNIOAtomics' in project 'swift-nio'
        ➜ Explicit dependency on target 'NIOConcurrencyHelpers' in project 'swift-nio'
        ➜ Explicit dependency on target '_NIOBase64' in project 'swift-nio'
        ➜ Explicit dependency on target 'CNIOOpenBSD' in project 'swift-nio'
        ➜ Explicit dependency on target 'CNIODarwin' in project 'swift-nio'
        ➜ Explicit dependency on target 'CNIOLinux' in project 'swift-nio'
        ➜ Explicit dependency on target 'CNIOWindows' in project 'swift-nio'
        ➜ Explicit dependency on target 'CNIOWASI' in project 'swift-nio'
        ➜ Explicit dependency on target '_NIODataStructures' in project 'swift-nio'
        ➜ Explicit dependency on target 'NIOCore' in project 'swift-nio'
        ➜ Explicit dependency on target 'NIOEmbedded' in project 'swift-nio'
        ➜ Explicit dependency on target 'CNIOPosix' in project 'swift-nio'
        ➜ Explicit dependency on target 'NIOPosix' in project 'swift-nio'
        ➜ Explicit dependency on target 'DequeModule' in project 'swift-collections'
        ➜ Explicit dependency on target 'Atomics' in project 'swift-atomics'
    Target 'NIO' in project 'swift-nio'
        ➜ Explicit dependency on target 'CNIOAtomics' in project 'swift-nio'
        ➜ Explicit dependency on target 'NIOConcurrencyHelpers' in project 'swift-nio'
        ➜ Explicit dependency on target '_NIOBase64' in project 'swift-nio'
        ➜ Explicit dependency on target 'CNIOOpenBSD' in project 'swift-nio'
        ➜ Explicit dependency on target 'CNIODarwin' in project 'swift-nio'
        ➜ Explicit dependency on target 'CNIOLinux' in project 'swift-nio'
        ➜ Explicit dependency on target 'CNIOWindows' in project 'swift-nio'
        ➜ Explicit dependency on target 'CNIOWASI' in project 'swift-nio'
        ➜ Explicit dependency on target '_NIODataStructures' in project 'swift-nio'
        ➜ Explicit dependency on target 'NIOCore' in project 'swift-nio'
        ➜ Explicit dependency on target 'NIOEmbedded' in project 'swift-nio'
        ➜ Explicit dependency on target 'CNIOPosix' in project 'swift-nio'
        ➜ Explicit dependency on target 'NIOPosix' in project 'swift-nio'
        ➜ Explicit dependency on target 'DequeModule' in project 'swift-collections'
        ➜ Explicit dependency on target 'Atomics' in project 'swift-atomics'
    Target 'NIOPosix' in project 'swift-nio'
        ➜ Explicit dependency on target 'swift-nio_NIOPosix' in project 'swift-nio'
        ➜ Explicit dependency on target 'CNIOOpenBSD' in project 'swift-nio'
        ➜ Explicit dependency on target 'CNIOLinux' in project 'swift-nio'
        ➜ Explicit dependency on target 'CNIODarwin' in project 'swift-nio'
        ➜ Explicit dependency on target 'CNIOWindows' in project 'swift-nio'
        ➜ Explicit dependency on target 'CNIOAtomics' in project 'swift-nio'
        ➜ Explicit dependency on target 'NIOConcurrencyHelpers' in project 'swift-nio'
        ➜ Explicit dependency on target '_NIOBase64' in project 'swift-nio'
        ➜ Explicit dependency on target 'CNIOWASI' in project 'swift-nio'
        ➜ Explicit dependency on target '_NIODataStructures' in project 'swift-nio'
        ➜ Explicit dependency on target 'NIOCore' in project 'swift-nio'
        ➜ Explicit dependency on target 'CNIOPosix' in project 'swift-nio'
        ➜ Explicit dependency on target 'DequeModule' in project 'swift-collections'
        ➜ Explicit dependency on target 'Atomics' in project 'swift-atomics'
    Target 'swift-nio_NIOPosix' in project 'swift-nio' (no dependencies)
    Target 'CNIOPosix' in project 'swift-nio' (no dependencies)
    Target 'NIOEmbedded' in project 'swift-nio'
        ➜ Explicit dependency on target 'CNIOAtomics' in project 'swift-nio'
        ➜ Explicit dependency on target 'NIOConcurrencyHelpers' in project 'swift-nio'
        ➜ Explicit dependency on target '_NIOBase64' in project 'swift-nio'
        ➜ Explicit dependency on target 'CNIOOpenBSD' in project 'swift-nio'
        ➜ Explicit dependency on target 'CNIODarwin' in project 'swift-nio'
        ➜ Explicit dependency on target 'CNIOLinux' in project 'swift-nio'
        ➜ Explicit dependency on target 'CNIOWindows' in project 'swift-nio'
        ➜ Explicit dependency on target 'CNIOWASI' in project 'swift-nio'
        ➜ Explicit dependency on target '_NIODataStructures' in project 'swift-nio'
        ➜ Explicit dependency on target 'NIOCore' in project 'swift-nio'
        ➜ Explicit dependency on target 'DequeModule' in project 'swift-collections'
        ➜ Explicit dependency on target 'Atomics' in project 'swift-atomics'
    Target 'NIOCore' in project 'swift-nio'
        ➜ Explicit dependency on target 'CNIOAtomics' in project 'swift-nio'
        ➜ Explicit dependency on target 'NIOConcurrencyHelpers' in project 'swift-nio'
        ➜ Explicit dependency on target '_NIOBase64' in project 'swift-nio'
        ➜ Explicit dependency on target 'CNIOOpenBSD' in project 'swift-nio'
        ➜ Explicit dependency on target 'CNIODarwin' in project 'swift-nio'
        ➜ Explicit dependency on target 'CNIOLinux' in project 'swift-nio'
        ➜ Explicit dependency on target 'CNIOWindows' in project 'swift-nio'
        ➜ Explicit dependency on target 'CNIOWASI' in project 'swift-nio'
        ➜ Explicit dependency on target '_NIODataStructures' in project 'swift-nio'
        ➜ Explicit dependency on target 'DequeModule' in project 'swift-collections'
        ➜ Explicit dependency on target 'Atomics' in project 'swift-atomics'
    Target 'Atomics' in project 'swift-atomics'
        ➜ Explicit dependency on target 'Atomics' in project 'swift-atomics'
        ➜ Explicit dependency on target '_AtomicsShims' in project 'swift-atomics'
    Target 'Atomics' in project 'swift-atomics'
        ➜ Explicit dependency on target '_AtomicsShims' in project 'swift-atomics'
    Target '_AtomicsShims' in project 'swift-atomics' (no dependencies)
    Target 'DequeModule' in project 'swift-collections'
        ➜ Explicit dependency on target 'DequeModule' in project 'swift-collections'
        ➜ Explicit dependency on target 'InternalCollectionsUtilities' in project 'swift-collections'
    Target 'DequeModule' in project 'swift-collections'
        ➜ Explicit dependency on target 'InternalCollectionsUtilities' in project 'swift-collections'
    Target 'InternalCollectionsUtilities' in project 'swift-collections' (no dependencies)
    Target '_NIODataStructures' in project 'swift-nio' (no dependencies)
    Target 'CNIOWASI' in project 'swift-nio' (no dependencies)
    Target 'CNIOWindows' in project 'swift-nio' (no dependencies)
    Target 'CNIOLinux' in project 'swift-nio' (no dependencies)
    Target 'CNIODarwin' in project 'swift-nio' (no dependencies)
    Target 'CNIOOpenBSD' in project 'swift-nio' (no dependencies)
    Target '_NIOBase64' in project 'swift-nio' (no dependencies)
    Target 'NIOConcurrencyHelpers' in project 'swift-nio'
        ➜ Explicit dependency on target 'CNIOAtomics' in project 'swift-nio'
    Target 'CNIOAtomics' in project 'swift-nio' (no dependencies)

GatherProvisioningInputs

CreateBuildDescription

ExecuteExternalTool /Applications/Xcode.app/Contents/Developer/Toolchains/XcodeDefault.xctoolchain/usr/bin/clang -v -E -dM -arch arm64 -isysroot /Applications/Xcode.app/Contents/Developer/Platforms/MacOSX.platform/Developer/SDKs/MacOSX26.2.sdk -x c -c /dev/null

ExecuteExternalTool /Applications/Xcode.app/Contents/Developer/Toolchains/XcodeDefault.xctoolchain/usr/bin/swiftc --version

ExecuteExternalTool /Applications/Xcode.app/Contents/Developer/Toolchains/XcodeDefault.xctoolchain/usr/bin/clang -v -E -dM -isysroot /Applications/Xcode.app/Contents/Developer/Platforms/MacOSX.platform/Developer/SDKs/MacOSX26.2.sdk -x c -c /dev/null

ExecuteExternalTool /Applications/Xcode.app/Contents/Developer/usr/bin/momc --dry-run --action generate --swift-version 5.0 --sdkroot /Applications/Xcode.app/Contents/Developer/Platforms/MacOSX.platform/Developer/SDKs/MacOSX26.2.sdk --macosx-deployment-target 26.2 --module PubSub_Viewer /Users/aditya/code/macos/PubSub Viewer/PubSub Viewer/PubSub_Viewer.xcdatamodeld /Users/aditya/Library/Developer/Xcode/DerivedData/PubSub_Viewer-dxpuoflyzxynrvalegnfshwufgen/Build/Intermediates.noindex/PubSub Viewer.build/Debug/PubSub Viewer.build/DerivedSources/CoreDataGenerated/PubSub_Viewer

ExecuteExternalTool /Applications/Xcode.app/Contents/Developer/usr/bin/actool --version --output-format xml1

ExecuteExternalTool /Applications/Xcode.app/Contents/Developer/Toolchains/XcodeDefault.xctoolchain/usr/bin/ld -version_details

ReadFileContents /Applications/Xcode.app/Contents/Developer/Toolchains/XcodeDefault.xctoolchain/usr/share/docc/features.json

Build description signature: 59a052f2c0ec38c877129baa11e3e008
Build description path: /Users/aditya/Library/Developer/Xcode/DerivedData/PubSub_Viewer-dxpuoflyzxynrvalegnfshwufgen/Build/Intermediates.noindex/XCBuildData/59a052f2c0ec38c877129baa11e3e008.xcbuilddata
ClangStatCache /Applications/Xcode.app/Contents/Developer/Toolchains/XcodeDefault.xctoolchain/usr/bin/clang-stat-cache /Applications/Xcode.app/Contents/Developer/Platforms/MacOSX.platform/Developer/SDKs/MacOSX26.2.sdk /Users/aditya/Library/Developer/Xcode/DerivedData/SDKStatCaches.noindex/macosx26.2-25C57-00fa09913b459cbbc988d1f6730289ae.sdkstatcache
    cd /Users/aditya/code/macos/PubSub\ Viewer/PubSub\ Viewer.xcodeproj
    /Applications/Xcode.app/Contents/Developer/Toolchains/XcodeDefault.xctoolchain/usr/bin/clang-stat-cache /Applications/Xcode.app/Contents/Developer/Platforms/MacOSX.platform/Developer/SDKs/MacOSX26.2.sdk -o /Users/aditya/Library/Developer/Xcode/DerivedData/SDKStatCaches.noindex/macosx26.2-25C57-00fa09913b459cbbc988d1f6730289ae.sdkstatcache

ProcessInfoPlistFile /Users/aditya/Library/Developer/Xcode/DerivedData/PubSub_Viewer-dxpuoflyzxynrvalegnfshwufgen/Build/Products/Debug/swift-nio_NIOPosix.bundle/Contents/Info.plist /Users/aditya/Library/Developer/Xcode/DerivedData/PubSub_Viewer-dxpuoflyzxynrvalegnfshwufgen/Build/Intermediates.noindex/swift-nio.build/Debug/swift-nio_NIOPosix.build/empty-swift-nio_NIOPosix.plist (in target 'swift-nio_NIOPosix' from project 'swift-nio')
    cd /Users/aditya/Library/Developer/Xcode/DerivedData/PubSub_Viewer-dxpuoflyzxynrvalegnfshwufgen/SourcePackages/checkouts/swift-nio
    builtin-infoPlistUtility /Users/aditya/Library/Developer/Xcode/DerivedData/PubSub_Viewer-dxpuoflyzxynrvalegnfshwufgen/Build/Intermediates.noindex/swift-nio.build/Debug/swift-nio_NIOPosix.build/empty-swift-nio_NIOPosix.plist -producttype com.apple.product-type.bundle -expandbuildsettings -platform macosx -o /Users/aditya/Library/Developer/Xcode/DerivedData/PubSub_Viewer-dxpuoflyzxynrvalegnfshwufgen/Build/Products/Debug/swift-nio_NIOPosix.bundle/Contents/Info.plist

SwiftDriver PubSub\ Viewer normal arm64 com.apple.xcode.tools.swift.compiler (in target 'PubSub Viewer' from project 'PubSub Viewer')
    cd /Users/aditya/code/macos/PubSub\ Viewer
    builtin-SwiftDriver -- /Applications/Xcode.app/Contents/Developer/Toolchains/XcodeDefault.xctoolchain/usr/bin/swiftc -module-name PubSub_Viewer -Onone -enforce-exclusivity\=checked @/Users/aditya/Library/Developer/Xcode/DerivedData/PubSub_Viewer-dxpuoflyzxynrvalegnfshwufgen/Build/Intermediates.noindex/PubSub\ Viewer.build/Debug/PubSub\ Viewer.build/Objects-normal/arm64/PubSub\ Viewer.SwiftFileList -DDEBUG -Xcc -fmodule-map-file\=/Users/aditya/Library/Developer/Xcode/DerivedData/PubSub_Viewer-dxpuoflyzxynrvalegnfshwufgen/Build/Intermediates.noindex/GeneratedModuleMaps/CNIOPosix.modulemap -Xcc -fmodule-map-file\=/Users/aditya/Library/Developer/Xcode/DerivedData/PubSub_Viewer-dxpuoflyzxynrvalegnfshwufgen/Build/Intermediates.noindex/GeneratedModuleMaps/CNIOWASI.modulemap -Xcc -fmodule-map-file\=/Users/aditya/Library/Developer/Xcode/DerivedData/PubSub_Viewer-dxpuoflyzxynrvalegnfshwufgen/Build/Intermediates.noindex/GeneratedModuleMaps/CNIOLinux.modulemap -Xcc -fmodule-map-file\=/Users/aditya/Library/Developer/Xcode/DerivedData/PubSub_Viewer-dxpuoflyzxynrvalegnfshwufgen/Build/Intermediates.noindex/GeneratedModuleMaps/CNIODarwin.modulemap -Xcc -fmodule-map-file\=/Users/aditya/Library/Developer/Xcode/DerivedData/PubSub_Viewer-dxpuoflyzxynrvalegnfshwufgen/Build/Intermediates.noindex/GeneratedModuleMaps/CNIOOpenBSD.modulemap -Xcc -fmodule-map-file\=/Users/aditya/Library/Developer/Xcode/DerivedData/PubSub_Viewer-dxpuoflyzxynrvalegnfshwufgen/Build/Intermediates.noindex/GeneratedModuleMaps/CNIOAtomics.modulemap -default-isolation\=MainActor -enable-bare-slash-regex -enable-upcoming-feature DisableOutwardActorInference -enable-upcoming-feature InferSendableFromCaptures -enable-upcoming-feature GlobalActorIsolatedTypesUsability -enable-upcoming-feature MemberImportVisibility -enable-upcoming-feature InferIsolatedConformances -enable-upcoming-feature NonisolatedNonsendingByDefault -enable-experimental-feature DebugDescriptionMacro -sdk /Applications/Xcode.app/Contents/Developer/Platforms/MacOSX.platform/Developer/SDKs/MacOSX26.2.sdk -target arm64-apple-macos26.2 -g -module-cache-path /Users/aditya/Library/Developer/Xcode/DerivedData/ModuleCache.noindex -Xfrontend -serialize-debugging-options -profile-coverage-mapping -profile-generate -enable-testing -index-store-path /Users/aditya/Library/Developer/Xcode/DerivedData/PubSub_Viewer-dxpuoflyzxynrvalegnfshwufgen/Index.noindex/DataStore -Xcc -D_LIBCPP_HARDENING_MODE\=_LIBCPP_HARDENING_MODE_DEBUG -swift-version 5 -I /Users/aditya/Library/Developer/Xcode/DerivedData/PubSub_Viewer-dxpuoflyzxynrvalegnfshwufgen/Build/Products/Debug -F /Users/aditya/Library/Developer/Xcode/DerivedData/PubSub_Viewer-dxpuoflyzxynrvalegnfshwufgen/Build/Products/Debug/PackageFrameworks -F /Users/aditya/Library/Developer/Xcode/DerivedData/PubSub_Viewer-dxpuoflyzxynrvalegnfshwufgen/Build/Products/Debug/PackageFrameworks -F /Users/aditya/Library/Developer/Xcode/DerivedData/PubSub_Viewer-dxpuoflyzxynrvalegnfshwufgen/Build/Products/Debug/PackageFrameworks -F /Users/aditya/Library/Developer/Xcode/DerivedData/PubSub_Viewer-dxpuoflyzxynrvalegnfshwufgen/Build/Products/Debug/PackageFrameworks -F /Users/aditya/Library/Developer/Xcode/DerivedData/PubSub_Viewer-dxpuoflyzxynrvalegnfshwufgen/Build/Products/Debug/PackageFrameworks -F /Users/aditya/Library/Developer/Xcode/DerivedData/PubSub_Viewer-dxpuoflyzxynrvalegnfshwufgen/Build/Products/Debug/PackageFrameworks -F /Users/aditya/Library/Developer/Xcode/DerivedData/PubSub_Viewer-dxpuoflyzxynrvalegnfshwufgen/Build/Products/Debug/PackageFrameworks -F /Users/aditya/Library/Developer/Xcode/DerivedData/PubSub_Viewer-dxpuoflyzxynrvalegnfshwufgen/Build/Products/Debug/PackageFrameworks -F /Users/aditya/Library/Developer/Xcode/DerivedData/PubSub_Viewer-dxpuoflyzxynrvalegnfshwufgen/Build/Products/Debug/PackageFrameworks -F /Users/aditya/Library/Developer/Xcode/DerivedData/PubSub_Viewer-dxpuoflyzxynrvalegnfshwufgen/Build/Products/Debug/PackageFrameworks -F /Users/aditya/Library/Developer/Xcode/DerivedData/PubSub_Viewer-dxpuoflyzxynrvalegnfshwufgen/Build/Products/Debug/PackageFrameworks -F /Users/aditya/Library/Developer/Xcode/DerivedData/PubSub_Viewer-dxpuoflyzxynrvalegnfshwufgen/Build/Products/Debug/PackageFrameworks -F /Users/aditya/Library/Developer/Xcode/DerivedData/PubSub_Viewer-dxpuoflyzxynrvalegnfshwufgen/Build/Products/Debug/PackageFrameworks -F /Users/aditya/Library/Developer/Xcode/DerivedData/PubSub_Viewer-dxpuoflyzxynrvalegnfshwufgen/Build/Products/Debug/PackageFrameworks -F /Users/aditya/Library/Developer/Xcode/DerivedData/PubSub_Viewer-dxpuoflyzxynrvalegnfshwufgen/Build/Products/Debug/PackageFrameworks -F /Users/aditya/Library/Developer/Xcode/DerivedData/PubSub_Viewer-dxpuoflyzxynrvalegnfshwufgen/Build/Products/Debug/PackageFrameworks -F /Users/aditya/Library/Developer/Xcode/DerivedData/PubSub_Viewer-dxpuoflyzxynrvalegnfshwufgen/Build/Products/Debug/PackageFrameworks -F /Users/aditya/Library/Developer/Xcode/DerivedData/PubSub_Viewer-dxpuoflyzxynrvalegnfshwufgen/Build/Products/Debug/PackageFrameworks -F /Users/aditya/Library/Developer/Xcode/DerivedData/PubSub_Viewer-dxpuoflyzxynrvalegnfshwufgen/Build/Products/Debug/PackageFrameworks -F /Users/aditya/Library/Developer/Xcode/DerivedData/PubSub_Viewer-dxpuoflyzxynrvalegnfshwufgen/Build/Products/Debug/PackageFrameworks -F /Users/aditya/Library/Developer/Xcode/DerivedData/PubSub_Viewer-dxpuoflyzxynrvalegnfshwufgen/Build/Products/Debug -emit-localized-strings -emit-localized-strings-path /Users/aditya/Library/Developer/Xcode/DerivedData/PubSub_Viewer-dxpuoflyzxynrvalegnfshwufgen/Build/Intermediates.noindex/PubSub\ Viewer.build/Debug/PubSub\ Viewer.build/Objects-normal/arm64 -c -j14 -enable-batch-mode -incremental -Xcc -ivfsstatcache -Xcc /Users/aditya/Library/Developer/Xcode/DerivedData/SDKStatCaches.noindex/macosx26.2-25C57-00fa09913b459cbbc988d1f6730289ae.sdkstatcache -output-file-map /Users/aditya/Library/Developer/Xcode/DerivedData/PubSub_Viewer-dxpuoflyzxynrvalegnfshwufgen/Build/Intermediates.noindex/PubSub\ Viewer.build/Debug/PubSub\ Viewer.build/Objects-normal/arm64/PubSub\ Viewer-OutputFileMap.json -use-frontend-parseable-output -save-temps -no-color-diagnostics -explicit-module-build -module-cache-path /Users/aditya/Library/Developer/Xcode/DerivedData/PubSub_Viewer-dxpuoflyzxynrvalegnfshwufgen/Build/Intermediates.noindex/SwiftExplicitPrecompiledModules -clang-scanner-module-cache-path /Users/aditya/Library/Developer/Xcode/DerivedData/ModuleCache.noindex -sdk-module-cache-path /Users/aditya/Library/Developer/Xcode/DerivedData/ModuleCache.noindex -serialize-diagnostics -emit-dependencies -emit-module -emit-module-path /Users/aditya/Library/Developer/Xcode/DerivedData/PubSub_Viewer-dxpuoflyzxynrvalegnfshwufgen/Build/Intermediates.noindex/PubSub\ Viewer.build/Debug/PubSub\ Viewer.build/Objects-normal/arm64/PubSub_Viewer.swiftmodule -validate-clang-modules-once -clang-build-session-file /Users/aditya/Library/Developer/Xcode/DerivedData/ModuleCache.noindex/Session.modulevalidation -Xcc -I/Users/aditya/Library/Developer/Xcode/DerivedData/PubSub_Viewer-dxpuoflyzxynrvalegnfshwufgen/Build/Intermediates.noindex/PubSub\ Viewer.build/Debug/PubSub\ Viewer.build/swift-overrides.hmap -emit-const-values -Xfrontend -const-gather-protocols-file -Xfrontend /Users/aditya/Library/Developer/Xcode/DerivedData/PubSub_Viewer-dxpuoflyzxynrvalegnfshwufgen/Build/Intermediates.noindex/PubSub\ Viewer.build/Debug/PubSub\ Viewer.build/Objects-normal/arm64/PubSub\ Viewer_const_extract_protocols.json -Xcc -iquote -Xcc /Users/aditya/Library/Developer/Xcode/DerivedData/PubSub_Viewer-dxpuoflyzxynrvalegnfshwufgen/Build/Intermediates.noindex/PubSub\ Viewer.build/Debug/PubSub\ Viewer.build/PubSub\ Viewer-generated-files.hmap -Xcc -I/Users/aditya/Library/Developer/Xcode/DerivedData/PubSub_Viewer-dxpuoflyzxynrvalegnfshwufgen/Build/Intermediates.noindex/PubSub\ Viewer.build/Debug/PubSub\ Viewer.build/PubSub\ Viewer-own-target-headers.hmap -Xcc -I/Users/aditya/Library/Developer/Xcode/DerivedData/PubSub_Viewer-dxpuoflyzxynrvalegnfshwufgen/Build/Intermediates.noindex/PubSub\ Viewer.build/Debug/PubSub\ Viewer.build/PubSub\ Viewer-all-non-framework-target-headers.hmap -Xcc -ivfsoverlay -Xcc /Users/aditya/Library/Developer/Xcode/DerivedData/PubSub_Viewer-dxpuoflyzxynrvalegnfshwufgen/Build/Intermediates.noindex/PubSub\ Viewer.build/Debug/PubSub\ Viewer-4a60b17b2f3c53944aa93f13f5a25a9d-VFS/all-product-headers.yaml -Xcc -iquote -Xcc /Users/aditya/Library/Developer/Xcode/DerivedData/PubSub_Viewer-dxpuoflyzxynrvalegnfshwufgen/Build/Intermediates.noindex/PubSub\ Viewer.build/Debug/PubSub\ Viewer.build/PubSub\ Viewer-project-headers.hmap -Xcc -I/Users/aditya/Library/Developer/Xcode/DerivedData/PubSub_Viewer-dxpuoflyzxynrvalegnfshwufgen/SourcePackages/checkouts/swift-atomics/Sources/_AtomicsShims/include -Xcc -I/Users/aditya/Library/Developer/Xcode/DerivedData/PubSub_Viewer-dxpuoflyzxynrvalegnfshwufgen/SourcePackages/checkouts/swift-nio/Sources/CNIOPosix/include -Xcc -I/Users/aditya/Library/Developer/Xcode/DerivedData/PubSub_Viewer-dxpuoflyzxynrvalegnfshwufgen/SourcePackages/checkouts/swift-nio/Sources/CNIOWASI/include -Xcc -I/Users/aditya/Library/Developer/Xcode/DerivedData/PubSub_Viewer-dxpuoflyzxynrvalegnfshwufgen/SourcePackages/checkouts/swift-nio/Sources/CNIOWindows/include -Xcc -I/Users/aditya/Library/Developer/Xcode/DerivedData/PubSub_Viewer-dxpuoflyzxynrvalegnfshwufgen/SourcePackages/checkouts/swift-nio/Sources/CNIOLinux/include -Xcc -I/Users/aditya/Library/Developer/Xcode/DerivedData/PubSub_Viewer-dxpuoflyzxynrvalegnfshwufgen/SourcePackages/checkouts/swift-nio/Sources/CNIODarwin/include -Xcc -I/Users/aditya/Library/Developer/Xcode/DerivedData/PubSub_Viewer-dxpuoflyzxynrvalegnfshwufgen/SourcePackages/checkouts/swift-nio/Sources/CNIOOpenBSD/include -Xcc -I/Users/aditya/Library/Developer/Xcode/DerivedData/PubSub_Viewer-dxpuoflyzxynrvalegnfshwufgen/SourcePackages/checkouts/swift-nio/Sources/CNIOAtomics/include -Xcc -I/Users/aditya/Library/Developer/Xcode/DerivedData/PubSub_Viewer-dxpuoflyzxynrvalegnfshwufgen/Build/Products/Debug/include -Xcc -I/Users/aditya/Library/Developer/Xcode/DerivedData/PubSub_Viewer-dxpuoflyzxynrvalegnfshwufgen/Build/Intermediates.noindex/PubSub\ Viewer.build/Debug/PubSub\ Viewer.build/DerivedSources-normal/arm64 -Xcc -I/Users/aditya/Library/Developer/Xcode/DerivedData/PubSub_Viewer-dxpuoflyzxynrvalegnfshwufgen/Build/Intermediates.noindex/PubSub\ Viewer.build/Debug/PubSub\ Viewer.build/DerivedSources/arm64 -Xcc -I/Users/aditya/Library/Developer/Xcode/DerivedData/PubSub_Viewer-dxpuoflyzxynrvalegnfshwufgen/Build/Intermediates.noindex/PubSub\ Viewer.build/Debug/PubSub\ Viewer.build/DerivedSources -Xcc -DDEBUG\=1 -emit-objc-header -emit-objc-header-path /Users/aditya/Library/Developer/Xcode/DerivedData/PubSub_Viewer-dxpuoflyzxynrvalegnfshwufgen/Build/Intermediates.noindex/PubSub\ Viewer.build/Debug/PubSub\ Viewer.build/Objects-normal/arm64/PubSub_Viewer-Swift.h -working-directory /Users/aditya/code/macos/PubSub\ Viewer -experimental-emit-module-separately -disable-cmo

ProcessInfoPlistFile /Users/aditya/Library/Developer/Xcode/DerivedData/PubSub_Viewer-dxpuoflyzxynrvalegnfshwufgen/Build/Products/Debug/PubSub\ Viewer.app/Contents/Info.plist /Users/aditya/Library/Developer/Xcode/DerivedData/PubSub_Viewer-dxpuoflyzxynrvalegnfshwufgen/Build/Intermediates.noindex/PubSub\ Viewer.build/Debug/PubSub\ Viewer.build/empty-PubSub\ Viewer.plist (in target 'PubSub Viewer' from project 'PubSub Viewer')
    cd /Users/aditya/code/macos/PubSub\ Viewer
    builtin-infoPlistUtility /Users/aditya/Library/Developer/Xcode/DerivedData/PubSub_Viewer-dxpuoflyzxynrvalegnfshwufgen/Build/Intermediates.noindex/PubSub\ Viewer.build/Debug/PubSub\ Viewer.build/empty-PubSub\ Viewer.plist -producttype com.apple.product-type.application -genpkginfo /Users/aditya/Library/Developer/Xcode/DerivedData/PubSub_Viewer-dxpuoflyzxynrvalegnfshwufgen/Build/Products/Debug/PubSub\ Viewer.app/Contents/PkgInfo -expandbuildsettings -platform macosx -additionalcontentfile /Users/aditya/Library/Developer/Xcode/DerivedData/PubSub_Viewer-dxpuoflyzxynrvalegnfshwufgen/Build/Intermediates.noindex/PubSub\ Viewer.build/Debug/PubSub\ Viewer.build/assetcatalog_generated_info.plist -scanforprivacyfile /Users/aditya/Library/Developer/Xcode/DerivedData/PubSub_Viewer-dxpuoflyzxynrvalegnfshwufgen/Build/Products/Debug/PubSub\ Viewer.app/Contents/Resources/swift-nio_NIOPosix.bundle -o /Users/aditya/Library/Developer/Xcode/DerivedData/PubSub_Viewer-dxpuoflyzxynrvalegnfshwufgen/Build/Products/Debug/PubSub\ Viewer.app/Contents/Info.plist

SwiftEmitModule normal arm64 Emitting\ module\ for\ PubSub_Viewer (in target 'PubSub Viewer' from project 'PubSub Viewer')

EmitSwiftModule normal arm64 (in target 'PubSub Viewer' from project 'PubSub Viewer')
    cd /Users/aditya/code/macos/PubSub\ Viewer
    

SwiftCompile normal arm64 Compiling\ ConsoleView.swift /Users/aditya/code/macos/PubSub\ Viewer/PubSub\ Viewer/Views/ConsoleView.swift (in target 'PubSub Viewer' from project 'PubSub Viewer')
SwiftCompile normal arm64 /Users/aditya/code/macos/PubSub\ Viewer/PubSub\ Viewer/Views/ConsoleView.swift (in target 'PubSub Viewer' from project 'PubSub Viewer')
    cd /Users/aditya/code/macos/PubSub\ Viewer
    

SwiftCompile normal arm64 Compiling\ NatsManager.swift /Users/aditya/code/macos/PubSub\ Viewer/PubSub\ Viewer/NatsManager.swift (in target 'PubSub Viewer' from project 'PubSub Viewer')
SwiftCompile normal arm64 /Users/aditya/code/macos/PubSub\ Viewer/PubSub\ Viewer/NatsManager.swift (in target 'PubSub Viewer' from project 'PubSub Viewer')
    cd /Users/aditya/code/macos/PubSub\ Viewer
    

SwiftCompile normal arm64 Compiling\ MessageLogView.swift /Users/aditya/code/macos/PubSub\ Viewer/PubSub\ Viewer/Views/MessageLogView.swift (in target 'PubSub Viewer' from project 'PubSub Viewer')
SwiftCompile normal arm64 /Users/aditya/code/macos/PubSub\ Viewer/PubSub\ Viewer/Views/MessageLogView.swift (in target 'PubSub Viewer' from project 'PubSub Viewer')
    cd /Users/aditya/code/macos/PubSub\ Viewer
    

SwiftCompile normal arm64 Compiling\ ActiveSessionView.swift /Users/aditya/code/macos/PubSub\ Viewer/PubSub\ Viewer/Views/ActiveSessionView.swift (in target 'PubSub Viewer' from project 'PubSub Viewer')

SwiftCompile normal arm64 /Users/aditya/code/macos/PubSub\ Viewer/PubSub\ Viewer/Views/ActiveSessionView.swift (in target 'PubSub Viewer' from project 'PubSub Viewer')
    cd /Users/aditya/code/macos/PubSub\ Viewer
    

SwiftDriverJobDiscovery normal arm64 Emitting module for PubSub_Viewer (in target 'PubSub Viewer' from project 'PubSub Viewer')

SwiftDriver\ Compilation\ Requirements PubSub\ Viewer normal arm64 com.apple.xcode.tools.swift.compiler (in target 'PubSub Viewer' from project 'PubSub Viewer')
    cd /Users/aditya/code/macos/PubSub\ Viewer
    builtin-Swift-Compilation-Requirements -- /Applications/Xcode.app/Contents/Developer/Toolchains/XcodeDefault.xctoolchain/usr/bin/swiftc -module-name PubSub_Viewer -Onone -enforce-exclusivity\=checked @/Users/aditya/Library/Developer/Xcode/DerivedData/PubSub_Viewer-dxpuoflyzxynrvalegnfshwufgen/Build/Intermediates.noindex/PubSub\ Viewer.build/Debug/PubSub\ Viewer.build/Objects-normal/arm64/PubSub\ Viewer.SwiftFileList -DDEBUG -Xcc -fmodule-map-file\=/Users/aditya/Library/Developer/Xcode/DerivedData/PubSub_Viewer-dxpuoflyzxynrvalegnfshwufgen/Build/Intermediates.noindex/GeneratedModuleMaps/CNIOPosix.modulemap -Xcc -fmodule-map-file\=/Users/aditya/Library/Developer/Xcode/DerivedData/PubSub_Viewer-dxpuoflyzxynrvalegnfshwufgen/Build/Intermediates.noindex/GeneratedModuleMaps/CNIOWASI.modulemap -Xcc -fmodule-map-file\=/Users/aditya/Library/Developer/Xcode/DerivedData/PubSub_Viewer-dxpuoflyzxynrvalegnfshwufgen/Build/Intermediates.noindex/GeneratedModuleMaps/CNIOLinux.modulemap -Xcc -fmodule-map-file\=/Users/aditya/Library/Developer/Xcode/DerivedData/PubSub_Viewer-dxpuoflyzxynrvalegnfshwufgen/Build/Intermediates.noindex/GeneratedModuleMaps/CNIODarwin.modulemap -Xcc -fmodule-map-file\=/Users/aditya/Library/Developer/Xcode/DerivedData/PubSub_Viewer-dxpuoflyzxynrvalegnfshwufgen/Build/Intermediates.noindex/GeneratedModuleMaps/CNIOOpenBSD.modulemap -Xcc -fmodule-map-file\=/Users/aditya/Library/Developer/Xcode/DerivedData/PubSub_Viewer-dxpuoflyzxynrvalegnfshwufgen/Build/Intermediates.noindex/GeneratedModuleMaps/CNIOAtomics.modulemap -default-isolation\=MainActor -enable-bare-slash-regex -enable-upcoming-feature DisableOutwardActorInference -enable-upcoming-feature InferSendableFromCaptures -enable-upcoming-feature GlobalActorIsolatedTypesUsability -enable-upcoming-feature MemberImportVisibility -enable-upcoming-feature InferIsolatedConformances -enable-upcoming-feature NonisolatedNonsendingByDefault -enable-experimental-feature DebugDescriptionMacro -sdk /Applications/Xcode.app/Contents/Developer/Platforms/MacOSX.platform/Developer/SDKs/MacOSX26.2.sdk -target arm64-apple-macos26.2 -g -module-cache-path /Users/aditya/Library/Developer/Xcode/DerivedData/ModuleCache.noindex -Xfrontend -serialize-debugging-options -profile-coverage-mapping -profile-generate -enable-testing -index-store-path /Users/aditya/Library/Developer/Xcode/DerivedData/PubSub_Viewer-dxpuoflyzxynrvalegnfshwufgen/Index.noindex/DataStore -Xcc -D_LIBCPP_HARDENING_MODE\=_LIBCPP_HARDENING_MODE_DEBUG -swift-version 5 -I /Users/aditya/Library/Developer/Xcode/DerivedData/PubSub_Viewer-dxpuoflyzxynrvalegnfshwufgen/Build/Products/Debug -F /Users/aditya/Library/Developer/Xcode/DerivedData/PubSub_Viewer-dxpuoflyzxynrvalegnfshwufgen/Build/Products/Debug/PackageFrameworks -F /Users/aditya/Library/Developer/Xcode/DerivedData/PubSub_Viewer-dxpuoflyzxynrvalegnfshwufgen/Build/Products/Debug/PackageFrameworks -F /Users/aditya/Library/Developer/Xcode/DerivedData/PubSub_Viewer-dxpuoflyzxynrvalegnfshwufgen/Build/Products/Debug/PackageFrameworks -F /Users/aditya/Library/Developer/Xcode/DerivedData/PubSub_Viewer-dxpuoflyzxynrvalegnfshwufgen/Build/Products/Debug/PackageFrameworks -F /Users/aditya/Library/Developer/Xcode/DerivedData/PubSub_Viewer-dxpuoflyzxynrvalegnfshwufgen/Build/Products/Debug/PackageFrameworks -F /Users/aditya/Library/Developer/Xcode/DerivedData/PubSub_Viewer-dxpuoflyzxynrvalegnfshwufgen/Build/Products/Debug/PackageFrameworks -F /Users/aditya/Library/Developer/Xcode/DerivedData/PubSub_Viewer-dxpuoflyzxynrvalegnfshwufgen/Build/Products/Debug/PackageFrameworks -F /Users/aditya/Library/Developer/Xcode/DerivedData/PubSub_Viewer-dxpuoflyzxynrvalegnfshwufgen/Build/Products/Debug/PackageFrameworks -F /Users/aditya/Library/Developer/Xcode/DerivedData/PubSub_Viewer-dxpuoflyzxynrvalegnfshwufgen/Build/Products/Debug/PackageFrameworks -F /Users/aditya/Library/Developer/Xcode/DerivedData/PubSub_Viewer-dxpuoflyzxynrvalegnfshwufgen/Build/Products/Debug/PackageFrameworks -F /Users/aditya/Library/Developer/Xcode/DerivedData/PubSub_Viewer-dxpuoflyzxynrvalegnfshwufgen/Build/Products/Debug/PackageFrameworks -F /Users/aditya/Library/Developer/Xcode/DerivedData/PubSub_Viewer-dxpuoflyzxynrvalegnfshwufgen/Build/Products/Debug/PackageFrameworks -F /Users/aditya/Library/Developer/Xcode/DerivedData/PubSub_Viewer-dxpuoflyzxynrvalegnfshwufgen/Build/Products/Debug/PackageFrameworks -F /Users/aditya/Library/Developer/Xcode/DerivedData/PubSub_Viewer-dxpuoflyzxynrvalegnfshwufgen/Build/Products/Debug/PackageFrameworks -F /Users/aditya/Library/Developer/Xcode/DerivedData/PubSub_Viewer-dxpuoflyzxynrvalegnfshwufgen/Build/Products/Debug/PackageFrameworks -F /Users/aditya/Library/Developer/Xcode/DerivedData/PubSub_Viewer-dxpuoflyzxynrvalegnfshwufgen/Build/Products/Debug/PackageFrameworks -F /Users/aditya/Library/Developer/Xcode/DerivedData/PubSub_Viewer-dxpuoflyzxynrvalegnfshwufgen/Build/Products/Debug/PackageFrameworks -F /Users/aditya/Library/Developer/Xcode/DerivedData/PubSub_Viewer-dxpuoflyzxynrvalegnfshwufgen/Build/Products/Debug/PackageFrameworks -F /Users/aditya/Library/Developer/Xcode/DerivedData/PubSub_Viewer-dxpuoflyzxynrvalegnfshwufgen/Build/Products/Debug/PackageFrameworks -F /Users/aditya/Library/Developer/Xcode/DerivedData/PubSub_Viewer-dxpuoflyzxynrvalegnfshwufgen/Build/Products/Debug/PackageFrameworks -F /Users/aditya/Library/Developer/Xcode/DerivedData/PubSub_Viewer-dxpuoflyzxynrvalegnfshwufgen/Build/Products/Debug -emit-localized-strings -emit-localized-strings-path /Users/aditya/Library/Developer/Xcode/DerivedData/PubSub_Viewer-dxpuoflyzxynrvalegnfshwufgen/Build/Intermediates.noindex/PubSub\ Viewer.build/Debug/PubSub\ Viewer.build/Objects-normal/arm64 -c -j14 -enable-batch-mode -incremental -Xcc -ivfsstatcache -Xcc /Users/aditya/Library/Developer/Xcode/DerivedData/SDKStatCaches.noindex/macosx26.2-25C57-00fa09913b459cbbc988d1f6730289ae.sdkstatcache -output-file-map /Users/aditya/Library/Developer/Xcode/DerivedData/PubSub_Viewer-dxpuoflyzxynrvalegnfshwufgen/Build/Intermediates.noindex/PubSub\ Viewer.build/Debug/PubSub\ Viewer.build/Objects-normal/arm64/PubSub\ Viewer-OutputFileMap.json -use-frontend-parseable-output -save-temps -no-color-diagnostics -explicit-module-build -module-cache-path /Users/aditya/Library/Developer/Xcode/DerivedData/PubSub_Viewer-dxpuoflyzxynrvalegnfshwufgen/Build/Intermediates.noindex/SwiftExplicitPrecompiledModules -clang-scanner-module-cache-path /Users/aditya/Library/Developer/Xcode/DerivedData/ModuleCache.noindex -sdk-module-cache-path /Users/aditya/Library/Developer/Xcode/DerivedData/ModuleCache.noindex -serialize-diagnostics -emit-dependencies -emit-module -emit-module-path /Users/aditya/Library/Developer/Xcode/DerivedData/PubSub_Viewer-dxpuoflyzxynrvalegnfshwufgen/Build/Intermediates.noindex/PubSub\ Viewer.build/Debug/PubSub\ Viewer.build/Objects-normal/arm64/PubSub_Viewer.swiftmodule -validate-clang-modules-once -clang-build-session-file /Users/aditya/Library/Developer/Xcode/DerivedData/ModuleCache.noindex/Session.modulevalidation -Xcc -I/Users/aditya/Library/Developer/Xcode/DerivedData/PubSub_Viewer-dxpuoflyzxynrvalegnfshwufgen/Build/Intermediates.noindex/PubSub\ Viewer.build/Debug/PubSub\ Viewer.build/swift-overrides.hmap -emit-const-values -Xfrontend -const-gather-protocols-file -Xfrontend /Users/aditya/Library/Developer/Xcode/DerivedData/PubSub_Viewer-dxpuoflyzxynrvalegnfshwufgen/Build/Intermediates.noindex/PubSub\ Viewer.build/Debug/PubSub\ Viewer.build/Objects-normal/arm64/PubSub\ Viewer_const_extract_protocols.json -Xcc -iquote -Xcc /Users/aditya/Library/Developer/Xcode/DerivedData/PubSub_Viewer-dxpuoflyzxynrvalegnfshwufgen/Build/Intermediates.noindex/PubSub\ Viewer.build/Debug/PubSub\ Viewer.build/PubSub\ Viewer-generated-files.hmap -Xcc -I/Users/aditya/Library/Developer/Xcode/DerivedData/PubSub_Viewer-dxpuoflyzxynrvalegnfshwufgen/Build/Intermediates.noindex/PubSub\ Viewer.build/Debug/PubSub\ Viewer.build/PubSub\ Viewer-own-target-headers.hmap -Xcc -I/Users/aditya/Library/Developer/Xcode/DerivedData/PubSub_Viewer-dxpuoflyzxynrvalegnfshwufgen/Build/Intermediates.noindex/PubSub\ Viewer.build/Debug/PubSub\ Viewer.build/PubSub\ Viewer-all-non-framework-target-headers.hmap -Xcc -ivfsoverlay -Xcc /Users/aditya/Library/Developer/Xcode/DerivedData/PubSub_Viewer-dxpuoflyzxynrvalegnfshwufgen/Build/Intermediates.noindex/PubSub\ Viewer.build/Debug/PubSub\ Viewer-4a60b17b2f3c53944aa93f13f5a25a9d-VFS/all-product-headers.yaml -Xcc -iquote -Xcc /Users/aditya/Library/Developer/Xcode/DerivedData/PubSub_Viewer-dxpuoflyzxynrvalegnfshwufgen/Build/Intermediates.noindex/PubSub\ Viewer.build/Debug/PubSub\ Viewer.build/PubSub\ Viewer-project-headers.hmap -Xcc -I/Users/aditya/Library/Developer/Xcode/DerivedData/PubSub_Viewer-dxpuoflyzxynrvalegnfshwufgen/SourcePackages/checkouts/swift-atomics/Sources/_AtomicsShims/include -Xcc -I/Users/aditya/Library/Developer/Xcode/DerivedData/PubSub_Viewer-dxpuoflyzxynrvalegnfshwufgen/SourcePackages/checkouts/swift-nio/Sources/CNIOPosix/include -Xcc -I/Users/aditya/Library/Developer/Xcode/DerivedData/PubSub_Viewer-dxpuoflyzxynrvalegnfshwufgen/SourcePackages/checkouts/swift-nio/Sources/CNIOWASI/include -Xcc -I/Users/aditya/Library/Developer/Xcode/DerivedData/PubSub_Viewer-dxpuoflyzxynrvalegnfshwufgen/SourcePackages/checkouts/swift-nio/Sources/CNIOWindows/include -Xcc -I/Users/aditya/Library/Developer/Xcode/DerivedData/PubSub_Viewer-dxpuoflyzxynrvalegnfshwufgen/SourcePackages/checkouts/swift-nio/Sources/CNIOLinux/include -Xcc -I/Users/aditya/Library/Developer/Xcode/DerivedData/PubSub_Viewer-dxpuoflyzxynrvalegnfshwufgen/SourcePackages/checkouts/swift-nio/Sources/CNIODarwin/include -Xcc -I/Users/aditya/Library/Developer/Xcode/DerivedData/PubSub_Viewer-dxpuoflyzxynrvalegnfshwufgen/SourcePackages/checkouts/swift-nio/Sources/CNIOOpenBSD/include -Xcc -I/Users/aditya/Library/Developer/Xcode/DerivedData/PubSub_Viewer-dxpuoflyzxynrvalegnfshwufgen/SourcePackages/checkouts/swift-nio/Sources/CNIOAtomics/include -Xcc -I/Users/aditya/Library/Developer/Xcode/DerivedData/PubSub_Viewer-dxpuoflyzxynrvalegnfshwufgen/Build/Products/Debug/include -Xcc -I/Users/aditya/Library/Developer/Xcode/DerivedData/PubSub_Viewer-dxpuoflyzxynrvalegnfshwufgen/Build/Intermediates.noindex/PubSub\ Viewer.build/Debug/PubSub\ Viewer.build/DerivedSources-normal/arm64 -Xcc -I/Users/aditya/Library/Developer/Xcode/DerivedData/PubSub_Viewer-dxpuoflyzxynrvalegnfshwufgen/Build/Intermediates.noindex/PubSub\ Viewer.build/Debug/PubSub\ Viewer.build/DerivedSources/arm64 -Xcc -I/Users/aditya/Library/Developer/Xcode/DerivedData/PubSub_Viewer-dxpuoflyzxynrvalegnfshwufgen/Build/Intermediates.noindex/PubSub\ Viewer.build/Debug/PubSub\ Viewer.build/DerivedSources -Xcc -DDEBUG\=1 -emit-objc-header -emit-objc-header-path /Users/aditya/Library/Developer/Xcode/DerivedData/PubSub_Viewer-dxpuoflyzxynrvalegnfshwufgen/Build/Intermediates.noindex/PubSub\ Viewer.build/Debug/PubSub\ Viewer.build/Objects-normal/arm64/PubSub_Viewer-Swift.h -working-directory /Users/aditya/code/macos/PubSub\ Viewer -experimental-emit-module-separately -disable-cmo

Copy /Users/aditya/Library/Developer/Xcode/DerivedData/PubSub_Viewer-dxpuoflyzxynrvalegnfshwufgen/Build/Products/Debug/PubSub_Viewer.swiftmodule/Project/arm64-apple-macos.swiftsourceinfo /Users/aditya/Library/Developer/Xcode/DerivedData/PubSub_Viewer-dxpuoflyzxynrvalegnfshwufgen/Build/Intermediates.noindex/PubSub\ Viewer.build/Debug/PubSub\ Viewer.build/Objects-normal/arm64/PubSub_Viewer.swiftsourceinfo (in target 'PubSub Viewer' from project 'PubSub Viewer')
    cd /Users/aditya/code/macos/PubSub\ Viewer
    builtin-copy -exclude .DS_Store -exclude CVS -exclude .svn -exclude .git -exclude .hg -resolve-src-symlinks -rename /Users/aditya/Library/Developer/Xcode/DerivedData/PubSub_Viewer-dxpuoflyzxynrvalegnfshwufgen/Build/Intermediates.noindex/PubSub\ Viewer.build/Debug/PubSub\ Viewer.build/Objects-normal/arm64/PubSub_Viewer.swiftsourceinfo /Users/aditya/Library/Developer/Xcode/DerivedData/PubSub_Viewer-dxpuoflyzxynrvalegnfshwufgen/Build/Products/Debug/PubSub_Viewer.swiftmodule/Project/arm64-apple-macos.swiftsourceinfo

Copy /Users/aditya/Library/Developer/Xcode/DerivedData/PubSub_Viewer-dxpuoflyzxynrvalegnfshwufgen/Build/Products/Debug/PubSub_Viewer.swiftmodule/arm64-apple-macos.abi.json /Users/aditya/Library/Developer/Xcode/DerivedData/PubSub_Viewer-dxpuoflyzxynrvalegnfshwufgen/Build/Intermediates.noindex/PubSub\ Viewer.build/Debug/PubSub\ Viewer.build/Objects-normal/arm64/PubSub_Viewer.abi.json (in target 'PubSub Viewer' from project 'PubSub Viewer')
    cd /Users/aditya/code/macos/PubSub\ Viewer
    builtin-copy -exclude .DS_Store -exclude CVS -exclude .svn -exclude .git -exclude .hg -resolve-src-symlinks -rename /Users/aditya/Library/Developer/Xcode/DerivedData/PubSub_Viewer-dxpuoflyzxynrvalegnfshwufgen/Build/Intermediates.noindex/PubSub\ Viewer.build/Debug/PubSub\ Viewer.build/Objects-normal/arm64/PubSub_Viewer.abi.json /Users/aditya/Library/Developer/Xcode/DerivedData/PubSub_Viewer-dxpuoflyzxynrvalegnfshwufgen/Build/Products/Debug/PubSub_Viewer.swiftmodule/arm64-apple-macos.abi.json

Copy /Users/aditya/Library/Developer/Xcode/DerivedData/PubSub_Viewer-dxpuoflyzxynrvalegnfshwufgen/Build/Products/Debug/PubSub_Viewer.swiftmodule/arm64-apple-macos.swiftmodule /Users/aditya/Library/Developer/Xcode/DerivedData/PubSub_Viewer-dxpuoflyzxynrvalegnfshwufgen/Build/Intermediates.noindex/PubSub\ Viewer.build/Debug/PubSub\ Viewer.build/Objects-normal/arm64/PubSub_Viewer.swiftmodule (in target 'PubSub Viewer' from project 'PubSub Viewer')
    cd /Users/aditya/code/macos/PubSub\ Viewer
    builtin-copy -exclude .DS_Store -exclude CVS -exclude .svn -exclude .git -exclude .hg -resolve-src-symlinks -rename /Users/aditya/Library/Developer/Xcode/DerivedData/PubSub_Viewer-dxpuoflyzxynrvalegnfshwufgen/Build/Intermediates.noindex/PubSub\ Viewer.build/Debug/PubSub\ Viewer.build/Objects-normal/arm64/PubSub_Viewer.swiftmodule /Users/aditya/Library/Developer/Xcode/DerivedData/PubSub_Viewer-dxpuoflyzxynrvalegnfshwufgen/Build/Products/Debug/PubSub_Viewer.swiftmodule/arm64-apple-macos.swiftmodule

Copy /Users/aditya/Library/Developer/Xcode/DerivedData/PubSub_Viewer-dxpuoflyzxynrvalegnfshwufgen/Build/Products/Debug/PubSub_Viewer.swiftmodule/arm64-apple-macos.swiftdoc /Users/aditya/Library/Developer/Xcode/DerivedData/PubSub_Viewer-dxpuoflyzxynrvalegnfshwufgen/Build/Intermediates.noindex/PubSub\ Viewer.build/Debug/PubSub\ Viewer.build/Objects-normal/arm64/PubSub_Viewer.swiftdoc (in target 'PubSub Viewer' from project 'PubSub Viewer')
    cd /Users/aditya/code/macos/PubSub\ Viewer
    builtin-copy -exclude .DS_Store -exclude CVS -exclude .svn -exclude .git -exclude .hg -resolve-src-symlinks -rename /Users/aditya/Library/Developer/Xcode/DerivedData/PubSub_Viewer-dxpuoflyzxynrvalegnfshwufgen/Build/Intermediates.noindex/PubSub\ Viewer.build/Debug/PubSub\ Viewer.build/Objects-normal/arm64/PubSub_Viewer.swiftdoc /Users/aditya/Library/Developer/Xcode/DerivedData/PubSub_Viewer-dxpuoflyzxynrvalegnfshwufgen/Build/Products/Debug/PubSub_Viewer.swiftmodule/arm64-apple-macos.swiftdoc

SwiftDriverJobDiscovery normal arm64 Compiling ConsoleView.swift (in target 'PubSub Viewer' from project 'PubSub Viewer')

SwiftDriverJobDiscovery normal arm64 Compiling NatsManager.swift (in target 'PubSub Viewer' from project 'PubSub Viewer')

SwiftCompile normal arm64 Compiling\ ContentView.swift /Users/aditya/code/macos/PubSub\ Viewer/PubSub\ Viewer/ContentView.swift (in target 'PubSub Viewer' from project 'PubSub Viewer')

SwiftCompile normal arm64 /Users/aditya/code/macos/PubSub\ Viewer/PubSub\ Viewer/ContentView.swift (in target 'PubSub Viewer' from project 'PubSub Viewer')
    cd /Users/aditya/code/macos/PubSub\ Viewer
    

SwiftCompile normal arm64 Compiling\ ServerListView.swift /Users/aditya/code/macos/PubSub\ Viewer/PubSub\ Viewer/Views/ServerListView.swift (in target 'PubSub Viewer' from project 'PubSub Viewer')

SwiftCompile normal arm64 /Users/aditya/code/macos/PubSub\ Viewer/PubSub\ Viewer/Views/ServerListView.swift (in target 'PubSub Viewer' from project 'PubSub Viewer')
    cd /Users/aditya/code/macos/PubSub\ Viewer
    

SwiftCompile normal arm64 Compiling\ PublishSheet.swift /Users/aditya/code/macos/PubSub\ Viewer/PubSub\ Viewer/Views/PublishSheet.swift (in target 'PubSub Viewer' from project 'PubSub Viewer')

SwiftCompile normal arm64 /Users/aditya/code/macos/PubSub\ Viewer/PubSub\ Viewer/Views/PublishSheet.swift (in target 'PubSub Viewer' from project 'PubSub Viewer')
    cd /Users/aditya/code/macos/PubSub\ Viewer
    

SwiftCompile normal arm64 Compiling\ PubSub_ViewerApp.swift /Users/aditya/code/macos/PubSub\ Viewer/PubSub\ Viewer/PubSub_ViewerApp.swift (in target 'PubSub Viewer' from project 'PubSub Viewer')

SwiftCompile normal arm64 /Users/aditya/code/macos/PubSub\ Viewer/PubSub\ Viewer/PubSub_ViewerApp.swift (in target 'PubSub Viewer' from project 'PubSub Viewer')
    cd /Users/aditya/code/macos/PubSub\ Viewer
    

SwiftDriverJobDiscovery normal arm64 Compiling PubSub_ViewerApp.swift (in target 'PubSub Viewer' from project 'PubSub Viewer')

SwiftDriverJobDiscovery normal arm64 Compiling ActiveSessionView.swift (in target 'PubSub Viewer' from project 'PubSub Viewer')

SwiftDriverJobDiscovery normal arm64 Compiling ContentView.swift (in target 'PubSub Viewer' from project 'PubSub Viewer')

SwiftDriverJobDiscovery normal arm64 Compiling PublishSheet.swift (in target 'PubSub Viewer' from project 'PubSub Viewer')

SwiftDriverJobDiscovery normal arm64 Compiling ServerListView.swift (in target 'PubSub Viewer' from project 'PubSub Viewer')

SwiftDriverJobDiscovery normal arm64 Compiling MessageLogView.swift (in target 'PubSub Viewer' from project 'PubSub Viewer')

SwiftCompile normal arm64 Compiling\ ServerConfig+CoreDataProperties.swift /Users/aditya/Library/Developer/Xcode/DerivedData/PubSub_Viewer-dxpuoflyzxynrvalegnfshwufgen/Build/Intermediates.noindex/PubSub\ Viewer.build/Debug/PubSub\ Viewer.build/DerivedSources/CoreDataGenerated/PubSub_Viewer/ServerConfig+CoreDataProperties.swift (in target 'PubSub Viewer' from project 'PubSub Viewer')

SwiftCompile normal arm64 /Users/aditya/Library/Developer/Xcode/DerivedData/PubSub_Viewer-dxpuoflyzxynrvalegnfshwufgen/Build/Intermediates.noindex/PubSub\ Viewer.build/Debug/PubSub\ Viewer.build/DerivedSources/CoreDataGenerated/PubSub_Viewer/ServerConfig+CoreDataProperties.swift (in target 'PubSub Viewer' from project 'PubSub Viewer')
    cd /Users/aditya/code/macos/PubSub\ Viewer
    

SwiftCompile normal arm64 Compiling\ GeneratedAssetSymbols.swift /Users/aditya/Library/Developer/Xcode/DerivedData/PubSub_Viewer-dxpuoflyzxynrvalegnfshwufgen/Build/Intermediates.noindex/PubSub\ Viewer.build/Debug/PubSub\ Viewer.build/DerivedSources/GeneratedAssetSymbols.swift (in target 'PubSub Viewer' from project 'PubSub Viewer')
SwiftCompile normal arm64 /Users/aditya/Library/Developer/Xcode/DerivedData/PubSub_Viewer-dxpuoflyzxynrvalegnfshwufgen/Build/Intermediates.noindex/PubSub\ Viewer.build/Debug/PubSub\ Viewer.build/DerivedSources/GeneratedAssetSymbols.swift (in target 'PubSub Viewer' from project 'PubSub Viewer')
    cd /Users/aditya/code/macos/PubSub\ Viewer
    

SwiftCompile normal arm64 Compiling\ Persistence.swift /Users/aditya/code/macos/PubSub\ Viewer/PubSub\ Viewer/Persistence.swift (in target 'PubSub Viewer' from project 'PubSub Viewer')

SwiftCompile normal arm64 /Users/aditya/code/macos/PubSub\ Viewer/PubSub\ Viewer/Persistence.swift (in target 'PubSub Viewer' from project 'PubSub Viewer')
    cd /Users/aditya/code/macos/PubSub\ Viewer
    

SwiftDriverJobDiscovery normal arm64 Compiling ServerConfig+CoreDataProperties.swift (in target 'PubSub Viewer' from project 'PubSub Viewer')

SwiftDriverJobDiscovery normal arm64 Compiling Persistence.swift (in target 'PubSub Viewer' from project 'PubSub Viewer')

SwiftDriverJobDiscovery normal arm64 Compiling GeneratedAssetSymbols.swift (in target 'PubSub Viewer' from project 'PubSub Viewer')

SwiftDriver\ Compilation PubSub\ Viewer normal arm64 com.apple.xcode.tools.swift.compiler (in target 'PubSub Viewer' from project 'PubSub Viewer')
    cd /Users/aditya/code/macos/PubSub\ Viewer
    builtin-Swift-Compilation -- /Applications/Xcode.app/Contents/Developer/Toolchains/XcodeDefault.xctoolchain/usr/bin/swiftc -module-name PubSub_Viewer -Onone -enforce-exclusivity\=checked @/Users/aditya/Library/Developer/Xcode/DerivedData/PubSub_Viewer-dxpuoflyzxynrvalegnfshwufgen/Build/Intermediates.noindex/PubSub\ Viewer.build/Debug/PubSub\ Viewer.build/Objects-normal/arm64/PubSub\ Viewer.SwiftFileList -DDEBUG -Xcc -fmodule-map-file\=/Users/aditya/Library/Developer/Xcode/DerivedData/PubSub_Viewer-dxpuoflyzxynrvalegnfshwufgen/Build/Intermediates.noindex/GeneratedModuleMaps/CNIOPosix.modulemap -Xcc -fmodule-map-file\=/Users/aditya/Library/Developer/Xcode/DerivedData/PubSub_Viewer-dxpuoflyzxynrvalegnfshwufgen/Build/Intermediates.noindex/GeneratedModuleMaps/CNIOWASI.modulemap -Xcc -fmodule-map-file\=/Users/aditya/Library/Developer/Xcode/DerivedData/PubSub_Viewer-dxpuoflyzxynrvalegnfshwufgen/Build/Intermediates.noindex/GeneratedModuleMaps/CNIOLinux.modulemap -Xcc -fmodule-map-file\=/Users/aditya/Library/Developer/Xcode/DerivedData/PubSub_Viewer-dxpuoflyzxynrvalegnfshwufgen/Build/Intermediates.noindex/GeneratedModuleMaps/CNIODarwin.modulemap -Xcc -fmodule-map-file\=/Users/aditya/Library/Developer/Xcode/DerivedData/PubSub_Viewer-dxpuoflyzxynrvalegnfshwufgen/Build/Intermediates.noindex/GeneratedModuleMaps/CNIOOpenBSD.modulemap -Xcc -fmodule-map-file\=/Users/aditya/Library/Developer/Xcode/DerivedData/PubSub_Viewer-dxpuoflyzxynrvalegnfshwufgen/Build/Intermediates.noindex/GeneratedModuleMaps/CNIOAtomics.modulemap -default-isolation\=MainActor -enable-bare-slash-regex -enable-upcoming-feature DisableOutwardActorInference -enable-upcoming-feature InferSendableFromCaptures -enable-upcoming-feature GlobalActorIsolatedTypesUsability -enable-upcoming-feature MemberImportVisibility -enable-upcoming-feature InferIsolatedConformances -enable-upcoming-feature NonisolatedNonsendingByDefault -enable-experimental-feature DebugDescriptionMacro -sdk /Applications/Xcode.app/Contents/Developer/Platforms/MacOSX.platform/Developer/SDKs/MacOSX26.2.sdk -target arm64-apple-macos26.2 -g -module-cache-path /Users/aditya/Library/Developer/Xcode/DerivedData/ModuleCache.noindex -Xfrontend -serialize-debugging-options -profile-coverage-mapping -profile-generate -enable-testing -index-store-path /Users/aditya/Library/Developer/Xcode/DerivedData/PubSub_Viewer-dxpuoflyzxynrvalegnfshwufgen/Index.noindex/DataStore -Xcc -D_LIBCPP_HARDENING_MODE\=_LIBCPP_HARDENING_MODE_DEBUG -swift-version 5 -I /Users/aditya/Library/Developer/Xcode/DerivedData/PubSub_Viewer-dxpuoflyzxynrvalegnfshwufgen/Build/Products/Debug -F /Users/aditya/Library/Developer/Xcode/DerivedData/PubSub_Viewer-dxpuoflyzxynrvalegnfshwufgen/Build/Products/Debug/PackageFrameworks -F /Users/aditya/Library/Developer/Xcode/DerivedData/PubSub_Viewer-dxpuoflyzxynrvalegnfshwufgen/Build/Products/Debug/PackageFrameworks -F /Users/aditya/Library/Developer/Xcode/DerivedData/PubSub_Viewer-dxpuoflyzxynrvalegnfshwufgen/Build/Products/Debug/PackageFrameworks -F /Users/aditya/Library/Developer/Xcode/DerivedData/PubSub_Viewer-dxpuoflyzxynrvalegnfshwufgen/Build/Products/Debug/PackageFrameworks -F /Users/aditya/Library/Developer/Xcode/DerivedData/PubSub_Viewer-dxpuoflyzxynrvalegnfshwufgen/Build/Products/Debug/PackageFrameworks -F /Users/aditya/Library/Developer/Xcode/DerivedData/PubSub_Viewer-dxpuoflyzxynrvalegnfshwufgen/Build/Products/Debug/PackageFrameworks -F /Users/aditya/Library/Developer/Xcode/DerivedData/PubSub_Viewer-dxpuoflyzxynrvalegnfshwufgen/Build/Products/Debug/PackageFrameworks -F /Users/aditya/Library/Developer/Xcode/DerivedData/PubSub_Viewer-dxpuoflyzxynrvalegnfshwufgen/Build/Products/Debug/PackageFrameworks -F /Users/aditya/Library/Developer/Xcode/DerivedData/PubSub_Viewer-dxpuoflyzxynrvalegnfshwufgen/Build/Products/Debug/PackageFrameworks -F /Users/aditya/Library/Developer/Xcode/DerivedData/PubSub_Viewer-dxpuoflyzxynrvalegnfshwufgen/Build/Products/Debug/PackageFrameworks -F /Users/aditya/Library/Developer/Xcode/DerivedData/PubSub_Viewer-dxpuoflyzxynrvalegnfshwufgen/Build/Products/Debug/PackageFrameworks -F /Users/aditya/Library/Developer/Xcode/DerivedData/PubSub_Viewer-dxpuoflyzxynrvalegnfshwufgen/Build/Products/Debug/PackageFrameworks -F /Users/aditya/Library/Developer/Xcode/DerivedData/PubSub_Viewer-dxpuoflyzxynrvalegnfshwufgen/Build/Products/Debug/PackageFrameworks -F /Users/aditya/Library/Developer/Xcode/DerivedData/PubSub_Viewer-dxpuoflyzxynrvalegnfshwufgen/Build/Products/Debug/PackageFrameworks -F /Users/aditya/Library/Developer/Xcode/DerivedData/PubSub_Viewer-dxpuoflyzxynrvalegnfshwufgen/Build/Products/Debug/PackageFrameworks -F /Users/aditya/Library/Developer/Xcode/DerivedData/PubSub_Viewer-dxpuoflyzxynrvalegnfshwufgen/Build/Products/Debug/PackageFrameworks -F /Users/aditya/Library/Developer/Xcode/DerivedData/PubSub_Viewer-dxpuoflyzxynrvalegnfshwufgen/Build/Products/Debug/PackageFrameworks -F /Users/aditya/Library/Developer/Xcode/DerivedData/PubSub_Viewer-dxpuoflyzxynrvalegnfshwufgen/Build/Products/Debug/PackageFrameworks -F /Users/aditya/Library/Developer/Xcode/DerivedData/PubSub_Viewer-dxpuoflyzxynrvalegnfshwufgen/Build/Products/Debug/PackageFrameworks -F /Users/aditya/Library/Developer/Xcode/DerivedData/PubSub_Viewer-dxpuoflyzxynrvalegnfshwufgen/Build/Products/Debug/PackageFrameworks -F /Users/aditya/Library/Developer/Xcode/DerivedData/PubSub_Viewer-dxpuoflyzxynrvalegnfshwufgen/Build/Products/Debug -emit-localized-strings -emit-localized-strings-path /Users/aditya/Library/Developer/Xcode/DerivedData/PubSub_Viewer-dxpuoflyzxynrvalegnfshwufgen/Build/Intermediates.noindex/PubSub\ Viewer.build/Debug/PubSub\ Viewer.build/Objects-normal/arm64 -c -j14 -enable-batch-mode -incremental -Xcc -ivfsstatcache -Xcc /Users/aditya/Library/Developer/Xcode/DerivedData/SDKStatCaches.noindex/macosx26.2-25C57-00fa09913b459cbbc988d1f6730289ae.sdkstatcache -output-file-map /Users/aditya/Library/Developer/Xcode/DerivedData/PubSub_Viewer-dxpuoflyzxynrvalegnfshwufgen/Build/Intermediates.noindex/PubSub\ Viewer.build/Debug/PubSub\ Viewer.build/Objects-normal/arm64/PubSub\ Viewer-OutputFileMap.json -use-frontend-parseable-output -save-temps -no-color-diagnostics -explicit-module-build -module-cache-path /Users/aditya/Library/Developer/Xcode/DerivedData/PubSub_Viewer-dxpuoflyzxynrvalegnfshwufgen/Build/Intermediates.noindex/SwiftExplicitPrecompiledModules -clang-scanner-module-cache-path /Users/aditya/Library/Developer/Xcode/DerivedData/ModuleCache.noindex -sdk-module-cache-path /Users/aditya/Library/Developer/Xcode/DerivedData/ModuleCache.noindex -serialize-diagnostics -emit-dependencies -emit-module -emit-module-path /Users/aditya/Library/Developer/Xcode/DerivedData/PubSub_Viewer-dxpuoflyzxynrvalegnfshwufgen/Build/Intermediates.noindex/PubSub\ Viewer.build/Debug/PubSub\ Viewer.build/Objects-normal/arm64/PubSub_Viewer.swiftmodule -validate-clang-modules-once -clang-build-session-file /Users/aditya/Library/Developer/Xcode/DerivedData/ModuleCache.noindex/Session.modulevalidation -Xcc -I/Users/aditya/Library/Developer/Xcode/DerivedData/PubSub_Viewer-dxpuoflyzxynrvalegnfshwufgen/Build/Intermediates.noindex/PubSub\ Viewer.build/Debug/PubSub\ Viewer.build/swift-overrides.hmap -emit-const-values -Xfrontend -const-gather-protocols-file -Xfrontend /Users/aditya/Library/Developer/Xcode/DerivedData/PubSub_Viewer-dxpuoflyzxynrvalegnfshwufgen/Build/Intermediates.noindex/PubSub\ Viewer.build/Debug/PubSub\ Viewer.build/Objects-normal/arm64/PubSub\ Viewer_const_extract_protocols.json -Xcc -iquote -Xcc /Users/aditya/Library/Developer/Xcode/DerivedData/PubSub_Viewer-dxpuoflyzxynrvalegnfshwufgen/Build/Intermediates.noindex/PubSub\ Viewer.build/Debug/PubSub\ Viewer.build/PubSub\ Viewer-generated-files.hmap -Xcc -I/Users/aditya/Library/Developer/Xcode/DerivedData/PubSub_Viewer-dxpuoflyzxynrvalegnfshwufgen/Build/Intermediates.noindex/PubSub\ Viewer.build/Debug/PubSub\ Viewer.build/PubSub\ Viewer-own-target-headers.hmap -Xcc -I/Users/aditya/Library/Developer/Xcode/DerivedData/PubSub_Viewer-dxpuoflyzxynrvalegnfshwufgen/Build/Intermediates.noindex/PubSub\ Viewer.build/Debug/PubSub\ Viewer.build/PubSub\ Viewer-all-non-framework-target-headers.hmap -Xcc -ivfsoverlay -Xcc /Users/aditya/Library/Developer/Xcode/DerivedData/PubSub_Viewer-dxpuoflyzxynrvalegnfshwufgen/Build/Intermediates.noindex/PubSub\ Viewer.build/Debug/PubSub\ Viewer-4a60b17b2f3c53944aa93f13f5a25a9d-VFS/all-product-headers.yaml -Xcc -iquote -Xcc /Users/aditya/Library/Developer/Xcode/DerivedData/PubSub_Viewer-dxpuoflyzxynrvalegnfshwufgen/Build/Intermediates.noindex/PubSub\ Viewer.build/Debug/PubSub\ Viewer.build/PubSub\ Viewer-project-headers.hmap -Xcc -I/Users/aditya/Library/Developer/Xcode/DerivedData/PubSub_Viewer-dxpuoflyzxynrvalegnfshwufgen/SourcePackages/checkouts/swift-atomics/Sources/_AtomicsShims/include -Xcc -I/Users/aditya/Library/Developer/Xcode/DerivedData/PubSub_Viewer-dxpuoflyzxynrvalegnfshwufgen/SourcePackages/checkouts/swift-nio/Sources/CNIOPosix/include -Xcc -I/Users/aditya/Library/Developer/Xcode/DerivedData/PubSub_Viewer-dxpuoflyzxynrvalegnfshwufgen/SourcePackages/checkouts/swift-nio/Sources/CNIOWASI/include -Xcc -I/Users/aditya/Library/Developer/Xcode/DerivedData/PubSub_Viewer-dxpuoflyzxynrvalegnfshwufgen/SourcePackages/checkouts/swift-nio/Sources/CNIOWindows/include -Xcc -I/Users/aditya/Library/Developer/Xcode/DerivedData/PubSub_Viewer-dxpuoflyzxynrvalegnfshwufgen/SourcePackages/checkouts/swift-nio/Sources/CNIOLinux/include -Xcc -I/Users/aditya/Library/Developer/Xcode/DerivedData/PubSub_Viewer-dxpuoflyzxynrvalegnfshwufgen/SourcePackages/checkouts/swift-nio/Sources/CNIODarwin/include -Xcc -I/Users/aditya/Library/Developer/Xcode/DerivedData/PubSub_Viewer-dxpuoflyzxynrvalegnfshwufgen/SourcePackages/checkouts/swift-nio/Sources/CNIOOpenBSD/include -Xcc -I/Users/aditya/Library/Developer/Xcode/DerivedData/PubSub_Viewer-dxpuoflyzxynrvalegnfshwufgen/SourcePackages/checkouts/swift-nio/Sources/CNIOAtomics/include -Xcc -I/Users/aditya/Library/Developer/Xcode/DerivedData/PubSub_Viewer-dxpuoflyzxynrvalegnfshwufgen/Build/Products/Debug/include -Xcc -I/Users/aditya/Library/Developer/Xcode/DerivedData/PubSub_Viewer-dxpuoflyzxynrvalegnfshwufgen/Build/Intermediates.noindex/PubSub\ Viewer.build/Debug/PubSub\ Viewer.build/DerivedSources-normal/arm64 -Xcc -I/Users/aditya/Library/Developer/Xcode/DerivedData/PubSub_Viewer-dxpuoflyzxynrvalegnfshwufgen/Build/Intermediates.noindex/PubSub\ Viewer.build/Debug/PubSub\ Viewer.build/DerivedSources/arm64 -Xcc -I/Users/aditya/Library/Developer/Xcode/DerivedData/PubSub_Viewer-dxpuoflyzxynrvalegnfshwufgen/Build/Intermediates.noindex/PubSub\ Viewer.build/Debug/PubSub\ Viewer.build/DerivedSources -Xcc -DDEBUG\=1 -emit-objc-header -emit-objc-header-path /Users/aditya/Library/Developer/Xcode/DerivedData/PubSub_Viewer-dxpuoflyzxynrvalegnfshwufgen/Build/Intermediates.noindex/PubSub\ Viewer.build/Debug/PubSub\ Viewer.build/Objects-normal/arm64/PubSub_Viewer-Swift.h -working-directory /Users/aditya/code/macos/PubSub\ Viewer -experimental-emit-module-separately -disable-cmo

Ld /Users/aditya/Library/Developer/Xcode/DerivedData/PubSub_Viewer-dxpuoflyzxynrvalegnfshwufgen/Build/Products/Debug/PubSub\ Viewer.app/Contents/MacOS/PubSub\ Viewer.debug.dylib normal (in target 'PubSub Viewer' from project 'PubSub Viewer')
    cd /Users/aditya/code/macos/PubSub\ Viewer
    /Applications/Xcode.app/Contents/Developer/Toolchains/XcodeDefault.xctoolchain/usr/bin/clang -Xlinker -reproducible -target arm64-apple-macos26.2 -dynamiclib -isysroot /Applications/Xcode.app/Contents/Developer/Platforms/MacOSX.platform/Developer/SDKs/MacOSX26.2.sdk -O0 -L/Users/aditya/Library/Developer/Xcode/DerivedData/PubSub_Viewer-dxpuoflyzxynrvalegnfshwufgen/Build/Intermediates.noindex/EagerLinkingTBDs/Debug -L/Users/aditya/Library/Developer/Xcode/DerivedData/PubSub_Viewer-dxpuoflyzxynrvalegnfshwufgen/Build/Products/Debug -F/Users/aditya/Library/Developer/Xcode/DerivedData/PubSub_Viewer-dxpuoflyzxynrvalegnfshwufgen/Build/Intermediates.noindex/EagerLinkingTBDs/Debug -F/Users/aditya/Library/Developer/Xcode/DerivedData/PubSub_Viewer-dxpuoflyzxynrvalegnfshwufgen/Build/Products/Debug/PackageFrameworks -F/Users/aditya/Library/Developer/Xcode/DerivedData/PubSub_Viewer-dxpuoflyzxynrvalegnfshwufgen/Build/Products/Debug/PackageFrameworks -F/Users/aditya/Library/Developer/Xcode/DerivedData/PubSub_Viewer-dxpuoflyzxynrvalegnfshwufgen/Build/Products/Debug/PackageFrameworks -F/Users/aditya/Library/Developer/Xcode/DerivedData/PubSub_Viewer-dxpuoflyzxynrvalegnfshwufgen/Build/Products/Debug/PackageFrameworks -F/Users/aditya/Library/Developer/Xcode/DerivedData/PubSub_Viewer-dxpuoflyzxynrvalegnfshwufgen/Build/Products/Debug/PackageFrameworks -F/Users/aditya/Library/Developer/Xcode/DerivedData/PubSub_Viewer-dxpuoflyzxynrvalegnfshwufgen/Build/Products/Debug/PackageFrameworks -F/Users/aditya/Library/Developer/Xcode/DerivedData/PubSub_Viewer-dxpuoflyzxynrvalegnfshwufgen/Build/Products/Debug/PackageFrameworks -F/Users/aditya/Library/Developer/Xcode/DerivedData/PubSub_Viewer-dxpuoflyzxynrvalegnfshwufgen/Build/Products/Debug/PackageFrameworks -F/Users/aditya/Library/Developer/Xcode/DerivedData/PubSub_Viewer-dxpuoflyzxynrvalegnfshwufgen/Build/Products/Debug/PackageFrameworks -F/Users/aditya/Library/Developer/Xcode/DerivedData/PubSub_Viewer-dxpuoflyzxynrvalegnfshwufgen/Build/Products/Debug/PackageFrameworks -F/Users/aditya/Library/Developer/Xcode/DerivedData/PubSub_Viewer-dxpuoflyzxynrvalegnfshwufgen/Build/Products/Debug/PackageFrameworks -F/Users/aditya/Library/Developer/Xcode/DerivedData/PubSub_Viewer-dxpuoflyzxynrvalegnfshwufgen/Build/Products/Debug/PackageFrameworks -F/Users/aditya/Library/Developer/Xcode/DerivedData/PubSub_Viewer-dxpuoflyzxynrvalegnfshwufgen/Build/Products/Debug/PackageFrameworks -F/Users/aditya/Library/Developer/Xcode/DerivedData/PubSub_Viewer-dxpuoflyzxynrvalegnfshwufgen/Build/Products/Debug/PackageFrameworks -F/Users/aditya/Library/Developer/Xcode/DerivedData/PubSub_Viewer-dxpuoflyzxynrvalegnfshwufgen/Build/Products/Debug/PackageFrameworks -F/Users/aditya/Library/Developer/Xcode/DerivedData/PubSub_Viewer-dxpuoflyzxynrvalegnfshwufgen/Build/Products/Debug/PackageFrameworks -F/Users/aditya/Library/Developer/Xcode/DerivedData/PubSub_Viewer-dxpuoflyzxynrvalegnfshwufgen/Build/Products/Debug/PackageFrameworks -F/Users/aditya/Library/Developer/Xcode/DerivedData/PubSub_Viewer-dxpuoflyzxynrvalegnfshwufgen/Build/Products/Debug/PackageFrameworks -F/Users/aditya/Library/Developer/Xcode/DerivedData/PubSub_Viewer-dxpuoflyzxynrvalegnfshwufgen/Build/Products/Debug/PackageFrameworks -F/Users/aditya/Library/Developer/Xcode/DerivedData/PubSub_Viewer-dxpuoflyzxynrvalegnfshwufgen/Build/Products/Debug/PackageFrameworks -F/Users/aditya/Library/Developer/Xcode/DerivedData/PubSub_Viewer-dxpuoflyzxynrvalegnfshwufgen/Build/Products/Debug -filelist /Users/aditya/Library/Developer/Xcode/DerivedData/PubSub_Viewer-dxpuoflyzxynrvalegnfshwufgen/Build/Intermediates.noindex/PubSub\ Viewer.build/Debug/PubSub\ Viewer.build/Objects-normal/arm64/PubSub\ Viewer.LinkFileList -install_name @rpath/PubSub\ Viewer.debug.dylib -Xlinker -rpath -Xlinker /Users/aditya/Library/Developer/Xcode/DerivedData/PubSub_Viewer-dxpuoflyzxynrvalegnfshwufgen/Build/Products/Debug/PackageFrameworks -Xlinker -rpath -Xlinker @executable_path/../Frameworks -Xlinker -object_path_lto -Xlinker /Users/aditya/Library/Developer/Xcode/DerivedData/PubSub_Viewer-dxpuoflyzxynrvalegnfshwufgen/Build/Intermediates.noindex/PubSub\ Viewer.build/Debug/PubSub\ Viewer.build/Objects-normal/arm64/PubSub\ Viewer_lto.o -rdynamic -Xlinker -no_deduplicate -Xlinker -debug_variant -Xlinker -dependency_info -Xlinker /Users/aditya/Library/Developer/Xcode/DerivedData/PubSub_Viewer-dxpuoflyzxynrvalegnfshwufgen/Build/Intermediates.noindex/PubSub\ Viewer.build/Debug/PubSub\ Viewer.build/Objects-normal/arm64/PubSub\ Viewer_dependency_info.dat -fobjc-link-runtime -fprofile-instr-generate -L/Applications/Xcode.app/Contents/Developer/Toolchains/XcodeDefault.xctoolchain/usr/lib/swift/macosx -L/usr/lib/swift -Xlinker -add_ast_path -Xlinker /Users/aditya/Library/Developer/Xcode/DerivedData/PubSub_Viewer-dxpuoflyzxynrvalegnfshwufgen/Build/Intermediates.noindex/PubSub\ Viewer.build/Debug/PubSub\ Viewer.build/Objects-normal/arm64/PubSub_Viewer.swiftmodule @/Users/aditya/Library/Developer/Xcode/DerivedData/PubSub_Viewer-dxpuoflyzxynrvalegnfshwufgen/Build/Intermediates.noindex/PubSub\ Viewer.build/Debug/PubSub\ Viewer.build/Objects-normal/arm64/PubSub_Viewer-linker-args.resp -Wl,-no_warn_duplicate_libraries -Wl,-no_warn_duplicate_libraries -Wl,-no_warn_duplicate_libraries -Wl,-no_warn_duplicate_libraries -Wl,-no_warn_duplicate_libraries -Wl,-no_warn_duplicate_libraries -Wl,-no_warn_duplicate_libraries -Wl,-no_warn_duplicate_libraries -Wl,-no_warn_duplicate_libraries -Wl,-no_warn_duplicate_libraries -Wl,-no_warn_duplicate_libraries -Wl,-no_warn_duplicate_libraries -Wl,-no_warn_duplicate_libraries -Wl,-no_warn_duplicate_libraries -Wl,-no_warn_duplicate_libraries -Wl,-no_warn_duplicate_libraries -Wl,-no_warn_duplicate_libraries -Wl,-no_warn_duplicate_libraries -Wl,-no_warn_duplicate_libraries -Wl,-no_warn_duplicate_libraries -Xlinker -alias -Xlinker _main -Xlinker ___debug_main_executable_dylib_entry_point -Xlinker -no_adhoc_codesign -o /Users/aditya/Library/Developer/Xcode/DerivedData/PubSub_Viewer-dxpuoflyzxynrvalegnfshwufgen/Build/Products/Debug/PubSub\ Viewer.app/Contents/MacOS/PubSub\ Viewer.debug.dylib -Xlinker -add_ast_path -Xlinker /Users/aditya/Library/Developer/Xcode/DerivedData/PubSub_Viewer-dxpuoflyzxynrvalegnfshwufgen/Build/Intermediates.noindex/SwiftyNats.build/Debug/SwiftyNats.build/Objects-normal/arm64/SwiftyNats.swiftmodule @/Users/aditya/Library/Developer/Xcode/DerivedData/PubSub_Viewer-dxpuoflyzxynrvalegnfshwufgen/Build/Intermediates.noindex/SwiftyNats.build/Debug/SwiftyNats.build/Objects-normal/arm64/SwiftyNats-linker-args.resp -Xlinker -add_ast_path -Xlinker /Users/aditya/Library/Developer/Xcode/DerivedData/PubSub_Viewer-dxpuoflyzxynrvalegnfshwufgen/Build/Intermediates.noindex/swift-nio.build/Debug/NIO.build/Objects-normal/arm64/NIO.swiftmodule @/Users/aditya/Library/Developer/Xcode/DerivedData/PubSub_Viewer-dxpuoflyzxynrvalegnfshwufgen/Build/Intermediates.noindex/swift-nio.build/Debug/NIO.build/Objects-normal/arm64/NIO-linker-args.resp -Xlinker -add_ast_path -Xlinker /Users/aditya/Library/Developer/Xcode/DerivedData/PubSub_Viewer-dxpuoflyzxynrvalegnfshwufgen/Build/Intermediates.noindex/swift-nio.build/Debug/NIOConcurrencyHelpers.build/Objects-normal/arm64/NIOConcurrencyHelpers.swiftmodule @/Users/aditya/Library/Developer/Xcode/DerivedData/PubSub_Viewer-dxpuoflyzxynrvalegnfshwufgen/Build/Intermediates.noindex/swift-nio.build/Debug/NIOConcurrencyHelpers.build/Objects-normal/arm64/NIOConcurrencyHelpers-linker-args.resp -Xlinker -add_ast_path -Xlinker /Users/aditya/Library/Developer/Xcode/DerivedData/PubSub_Viewer-dxpuoflyzxynrvalegnfshwufgen/Build/Intermediates.noindex/swift-nio.build/Debug/_NIOBase64.build/Objects-normal/arm64/_NIOBase64.swiftmodule @/Users/aditya/Library/Developer/Xcode/DerivedData/PubSub_Viewer-dxpuoflyzxynrvalegnfshwufgen/Build/Intermediates.noindex/swift-nio.build/Debug/_NIOBase64.build/Objects-normal/arm64/_NIOBase64-linker-args.resp -Xlinker -add_ast_path -Xlinker /Users/aditya/Library/Developer/Xcode/DerivedData/PubSub_Viewer-dxpuoflyzxynrvalegnfshwufgen/Build/Intermediates.noindex/swift-nio.build/Debug/_NIODataStructures.build/Objects-normal/arm64/_NIODataStructures.swiftmodule @/Users/aditya/Library/Developer/Xcode/DerivedData/PubSub_Viewer-dxpuoflyzxynrvalegnfshwufgen/Build/Intermediates.noindex/swift-nio.build/Debug/_NIODataStructures.build/Objects-normal/arm64/_NIODataStructures-linker-args.resp -Xlinker -add_ast_path -Xlinker /Users/aditya/Library/Developer/Xcode/DerivedData/PubSub_Viewer-dxpuoflyzxynrvalegnfshwufgen/Build/Intermediates.noindex/swift-collections.build/Debug/DequeModule.build/Objects-normal/arm64/DequeModule.swiftmodule @/Users/aditya/Library/Developer/Xcode/DerivedData/PubSub_Viewer-dxpuoflyzxynrvalegnfshwufgen/Build/Intermediates.noindex/swift-collections.build/Debug/DequeModule.build/Objects-normal/arm64/DequeModule-linker-args.resp -Xlinker -add_ast_path -Xlinker /Users/aditya/Library/Developer/Xcode/DerivedData/PubSub_Viewer-dxpuoflyzxynrvalegnfshwufgen/Build/Intermediates.noindex/swift-collections.build/Debug/InternalCollectionsUtilities.build/Objects-normal/arm64/InternalCollectionsUtilities.swiftmodule @/Users/aditya/Library/Developer/Xcode/DerivedData/PubSub_Viewer-dxpuoflyzxynrvalegnfshwufgen/Build/Intermediates.noindex/swift-collections.build/Debug/InternalCollectionsUtilities.build/Objects-normal/arm64/InternalCollectionsUtilities-linker-args.resp -Xlinker -add_ast_path -Xlinker /Users/aditya/Library/Developer/Xcode/DerivedData/PubSub_Viewer-dxpuoflyzxynrvalegnfshwufgen/Build/Intermediates.noindex/swift-atomics.build/Debug/Atomics.build/Objects-normal/arm64/Atomics.swiftmodule @/Users/aditya/Library/Developer/Xcode/DerivedData/PubSub_Viewer-dxpuoflyzxynrvalegnfshwufgen/Build/Intermediates.noindex/swift-atomics.build/Debug/Atomics.build/Objects-normal/arm64/Atomics-linker-args.resp -Xlinker -add_ast_path -Xlinker /Users/aditya/Library/Developer/Xcode/DerivedData/PubSub_Viewer-dxpuoflyzxynrvalegnfshwufgen/Build/Intermediates.noindex/swift-nio.build/Debug/NIOCore.build/Objects-normal/arm64/NIOCore.swiftmodule @/Users/aditya/Library/Developer/Xcode/DerivedData/PubSub_Viewer-dxpuoflyzxynrvalegnfshwufgen/Build/Intermediates.noindex/swift-nio.build/Debug/NIOCore.build/Objects-normal/arm64/NIOCore-linker-args.resp -Xlinker -add_ast_path -Xlinker /Users/aditya/Library/Developer/Xcode/DerivedData/PubSub_Viewer-dxpuoflyzxynrvalegnfshwufgen/Build/Intermediates.noindex/swift-nio.build/Debug/NIOEmbedded.build/Objects-normal/arm64/NIOEmbedded.swiftmodule @/Users/aditya/Library/Developer/Xcode/DerivedData/PubSub_Viewer-dxpuoflyzxynrvalegnfshwufgen/Build/Intermediates.noindex/swift-nio.build/Debug/NIOEmbedded.build/Objects-normal/arm64/NIOEmbedded-linker-args.resp -Xlinker -add_ast_path -Xlinker /Users/aditya/Library/Developer/Xcode/DerivedData/PubSub_Viewer-dxpuoflyzxynrvalegnfshwufgen/Build/Intermediates.noindex/swift-nio.build/Debug/NIOPosix.build/Objects-normal/arm64/NIOPosix.swiftmodule @/Users/aditya/Library/Developer/Xcode/DerivedData/PubSub_Viewer-dxpuoflyzxynrvalegnfshwufgen/Build/Intermediates.noindex/swift-nio.build/Debug/NIOPosix.build/Objects-normal/arm64/NIOPosix-linker-args.resp -Xlinker -add_ast_path -Xlinker /Users/aditya/Library/Developer/Xcode/DerivedData/PubSub_Viewer-dxpuoflyzxynrvalegnfshwufgen/Build/Intermediates.noindex/swift-log.build/Debug/Logging.build/Objects-normal/arm64/Logging.swiftmodule @/Users/aditya/Library/Developer/Xcode/DerivedData/PubSub_Viewer-dxpuoflyzxynrvalegnfshwufgen/Build/Intermediates.noindex/swift-log.build/Debug/Logging.build/Objects-normal/arm64/Logging-linker-args.resp

ConstructStubExecutorLinkFileList /Users/aditya/Library/Developer/Xcode/DerivedData/PubSub_Viewer-dxpuoflyzxynrvalegnfshwufgen/Build/Intermediates.noindex/PubSub\ Viewer.build/Debug/PubSub\ Viewer.build/PubSub\ Viewer-ExecutorLinkFileList-normal-arm64.txt (in target 'PubSub Viewer' from project 'PubSub Viewer')
    cd /Users/aditya/code/macos/PubSub\ Viewer
    construct-stub-executor-link-file-list /Users/aditya/Library/Developer/Xcode/DerivedData/PubSub_Viewer-dxpuoflyzxynrvalegnfshwufgen/Build/Products/Debug/PubSub\ Viewer.app/Contents/MacOS/PubSub\ Viewer.debug.dylib /Applications/Xcode.app/Contents/Developer/Platforms/MacOSX.platform/Developer/usr/lib/libPreviewsJITStubExecutor_no_swift_entry_point.a /Applications/Xcode.app/Contents/Developer/Platforms/MacOSX.platform/Developer/usr/lib/libPreviewsJITStubExecutor.a --output /Users/aditya/Library/Developer/Xcode/DerivedData/PubSub_Viewer-dxpuoflyzxynrvalegnfshwufgen/Build/Intermediates.noindex/PubSub\ Viewer.build/Debug/PubSub\ Viewer.build/PubSub\ Viewer-ExecutorLinkFileList-normal-arm64.txt
note: Using stub executor library with Swift entry point. (in target 'PubSub Viewer' from project 'PubSub Viewer')

Ld /Users/aditya/Library/Developer/Xcode/DerivedData/PubSub_Viewer-dxpuoflyzxynrvalegnfshwufgen/Build/Products/Debug/PubSub\ Viewer.app/Contents/MacOS/PubSub\ Viewer normal (in target 'PubSub Viewer' from project 'PubSub Viewer')
    cd /Users/aditya/code/macos/PubSub\ Viewer
    /Applications/Xcode.app/Contents/Developer/Toolchains/XcodeDefault.xctoolchain/usr/bin/clang -Xlinker -reproducible -target arm64-apple-macos26.2 -isysroot /Applications/Xcode.app/Contents/Developer/Platforms/MacOSX.platform/Developer/SDKs/MacOSX26.2.sdk -O0 -L/Users/aditya/Library/Developer/Xcode/DerivedData/PubSub_Viewer-dxpuoflyzxynrvalegnfshwufgen/Build/Products/Debug -F/Users/aditya/Library/Developer/Xcode/DerivedData/PubSub_Viewer-dxpuoflyzxynrvalegnfshwufgen/Build/Products/Debug/PackageFrameworks -F/Users/aditya/Library/Developer/Xcode/DerivedData/PubSub_Viewer-dxpuoflyzxynrvalegnfshwufgen/Build/Products/Debug/PackageFrameworks -F/Users/aditya/Library/Developer/Xcode/DerivedData/PubSub_Viewer-dxpuoflyzxynrvalegnfshwufgen/Build/Products/Debug/PackageFrameworks -F/Users/aditya/Library/Developer/Xcode/DerivedData/PubSub_Viewer-dxpuoflyzxynrvalegnfshwufgen/Build/Products/Debug/PackageFrameworks -F/Users/aditya/Library/Developer/Xcode/DerivedData/PubSub_Viewer-dxpuoflyzxynrvalegnfshwufgen/Build/Products/Debug/PackageFrameworks -F/Users/aditya/Library/Developer/Xcode/DerivedData/PubSub_Viewer-dxpuoflyzxynrvalegnfshwufgen/Build/Products/Debug/PackageFrameworks -F/Users/aditya/Library/Developer/Xcode/DerivedData/PubSub_Viewer-dxpuoflyzxynrvalegnfshwufgen/Build/Products/Debug/PackageFrameworks -F/Users/aditya/Library/Developer/Xcode/DerivedData/PubSub_Viewer-dxpuoflyzxynrvalegnfshwufgen/Build/Products/Debug/PackageFrameworks -F/Users/aditya/Library/Developer/Xcode/DerivedData/PubSub_Viewer-dxpuoflyzxynrvalegnfshwufgen/Build/Products/Debug/PackageFrameworks -F/Users/aditya/Library/Developer/Xcode/DerivedData/PubSub_Viewer-dxpuoflyzxynrvalegnfshwufgen/Build/Products/Debug/PackageFrameworks -F/Users/aditya/Library/Developer/Xcode/DerivedData/PubSub_Viewer-dxpuoflyzxynrvalegnfshwufgen/Build/Products/Debug/PackageFrameworks -F/Users/aditya/Library/Developer/Xcode/DerivedData/PubSub_Viewer-dxpuoflyzxynrvalegnfshwufgen/Build/Products/Debug/PackageFrameworks -F/Users/aditya/Library/Developer/Xcode/DerivedData/PubSub_Viewer-dxpuoflyzxynrvalegnfshwufgen/Build/Products/Debug/PackageFrameworks -F/Users/aditya/Library/Developer/Xcode/DerivedData/PubSub_Viewer-dxpuoflyzxynrvalegnfshwufgen/Build/Products/Debug/PackageFrameworks -F/Users/aditya/Library/Developer/Xcode/DerivedData/PubSub_Viewer-dxpuoflyzxynrvalegnfshwufgen/Build/Products/Debug/PackageFrameworks -F/Users/aditya/Library/Developer/Xcode/DerivedData/PubSub_Viewer-dxpuoflyzxynrvalegnfshwufgen/Build/Products/Debug/PackageFrameworks -F/Users/aditya/Library/Developer/Xcode/DerivedData/PubSub_Viewer-dxpuoflyzxynrvalegnfshwufgen/Build/Products/Debug/PackageFrameworks -F/Users/aditya/Library/Developer/Xcode/DerivedData/PubSub_Viewer-dxpuoflyzxynrvalegnfshwufgen/Build/Products/Debug/PackageFrameworks -F/Users/aditya/Library/Developer/Xcode/DerivedData/PubSub_Viewer-dxpuoflyzxynrvalegnfshwufgen/Build/Products/Debug/PackageFrameworks -F/Users/aditya/Library/Developer/Xcode/DerivedData/PubSub_Viewer-dxpuoflyzxynrvalegnfshwufgen/Build/Products/Debug/PackageFrameworks -F/Users/aditya/Library/Developer/Xcode/DerivedData/PubSub_Viewer-dxpuoflyzxynrvalegnfshwufgen/Build/Products/Debug -Xlinker -rpath -Xlinker @executable_path -Xlinker -rpath -Xlinker /Users/aditya/Library/Developer/Xcode/DerivedData/PubSub_Viewer-dxpuoflyzxynrvalegnfshwufgen/Build/Products/Debug/PackageFrameworks -Xlinker -rpath -Xlinker @executable_path/../Frameworks -rdynamic -Xlinker -no_deduplicate -Xlinker -debug_variant -e ___debug_blank_executor_main -Xlinker -sectcreate -Xlinker __TEXT -Xlinker __debug_dylib -Xlinker /Users/aditya/Library/Developer/Xcode/DerivedData/PubSub_Viewer-dxpuoflyzxynrvalegnfshwufgen/Build/Intermediates.noindex/PubSub\ Viewer.build/Debug/PubSub\ Viewer.build/PubSub\ Viewer-DebugDylibPath-normal-arm64.txt -Xlinker -sectcreate -Xlinker __TEXT -Xlinker __debug_instlnm -Xlinker /Users/aditya/Library/Developer/Xcode/DerivedData/PubSub_Viewer-dxpuoflyzxynrvalegnfshwufgen/Build/Intermediates.noindex/PubSub\ Viewer.build/Debug/PubSub\ Viewer.build/PubSub\ Viewer-DebugDylibInstallName-normal-arm64.txt -Xlinker -filelist -Xlinker /Users/aditya/Library/Developer/Xcode/DerivedData/PubSub_Viewer-dxpuoflyzxynrvalegnfshwufgen/Build/Intermediates.noindex/PubSub\ Viewer.build/Debug/PubSub\ Viewer.build/PubSub\ Viewer-ExecutorLinkFileList-normal-arm64.txt /Users/aditya/Library/Developer/Xcode/DerivedData/PubSub_Viewer-dxpuoflyzxynrvalegnfshwufgen/Build/Products/Debug/PubSub\ Viewer.app/Contents/MacOS/PubSub\ Viewer.debug.dylib -Xlinker -no_adhoc_codesign -o /Users/aditya/Library/Developer/Xcode/DerivedData/PubSub_Viewer-dxpuoflyzxynrvalegnfshwufgen/Build/Products/Debug/PubSub\ Viewer.app/Contents/MacOS/PubSub\ Viewer

CopySwiftLibs /Users/aditya/Library/Developer/Xcode/DerivedData/PubSub_Viewer-dxpuoflyzxynrvalegnfshwufgen/Build/Products/Debug/PubSub\ Viewer.app (in target 'PubSub Viewer' from project 'PubSub Viewer')
    cd /Users/aditya/code/macos/PubSub\ Viewer
    builtin-swiftStdLibTool --copy --verbose --sign - --scan-executable /Users/aditya/Library/Developer/Xcode/DerivedData/PubSub_Viewer-dxpuoflyzxynrvalegnfshwufgen/Build/Products/Debug/PubSub\ Viewer.app/Contents/MacOS/PubSub\ Viewer.debug.dylib --scan-folder /Users/aditya/Library/Developer/Xcode/DerivedData/PubSub_Viewer-dxpuoflyzxynrvalegnfshwufgen/Build/Products/Debug/PubSub\ Viewer.app/Contents/Frameworks --scan-folder /Users/aditya/Library/Developer/Xcode/DerivedData/PubSub_Viewer-dxpuoflyzxynrvalegnfshwufgen/Build/Products/Debug/PubSub\ Viewer.app/Contents/PlugIns --scan-folder /Users/aditya/Library/Developer/Xcode/DerivedData/PubSub_Viewer-dxpuoflyzxynrvalegnfshwufgen/Build/Products/Debug/PubSub\ Viewer.app/Contents/Library/SystemExtensions --scan-folder /Users/aditya/Library/Developer/Xcode/DerivedData/PubSub_Viewer-dxpuoflyzxynrvalegnfshwufgen/Build/Products/Debug/PubSub\ Viewer.app/Contents/Extensions --platform macosx --toolchain /Applications/Xcode.app/Contents/Developer/Toolchains/XcodeDefault.xctoolchain --destination /Users/aditya/Library/Developer/Xcode/DerivedData/PubSub_Viewer-dxpuoflyzxynrvalegnfshwufgen/Build/Products/Debug/PubSub\ Viewer.app/Contents/Frameworks --strip-bitcode --strip-bitcode-tool /Applications/Xcode.app/Contents/Developer/Toolchains/XcodeDefault.xctoolchain/usr/bin/bitcode_strip --emit-dependency-info /Users/aditya/Library/Developer/Xcode/DerivedData/PubSub_Viewer-dxpuoflyzxynrvalegnfshwufgen/Build/Intermediates.noindex/PubSub\ Viewer.build/Debug/PubSub\ Viewer.build/SwiftStdLibToolInputDependencies.dep --filter-for-swift-os

ExtractAppIntentsMetadata (in target 'PubSub Viewer' from project 'PubSub Viewer')
    cd /Users/aditya/code/macos/PubSub\ Viewer
    /Applications/Xcode.app/Contents/Developer/Toolchains/XcodeDefault.xctoolchain/usr/bin/appintentsmetadataprocessor --toolchain-dir /Applications/Xcode.app/Contents/Developer/Toolchains/XcodeDefault.xctoolchain --module-name PubSub_Viewer --sdk-root /Applications/Xcode.app/Contents/Developer/Platforms/MacOSX.platform/Developer/SDKs/MacOSX26.2.sdk --xcode-version 17C52 --platform-family macOS --deployment-target 26.2 --bundle-identifier me.brainbuzzer.PubSub-Viewer --output /Users/aditya/Library/Developer/Xcode/DerivedData/PubSub_Viewer-dxpuoflyzxynrvalegnfshwufgen/Build/Products/Debug/PubSub\ Viewer.app/Contents/Resources --target-triple arm64-apple-macos26.2 --binary-file /Users/aditya/Library/Developer/Xcode/DerivedData/PubSub_Viewer-dxpuoflyzxynrvalegnfshwufgen/Build/Products/Debug/PubSub\ Viewer.app/Contents/MacOS/PubSub\ Viewer --dependency-file /Users/aditya/Library/Developer/Xcode/DerivedData/PubSub_Viewer-dxpuoflyzxynrvalegnfshwufgen/Build/Intermediates.noindex/PubSub\ Viewer.build/Debug/PubSub\ Viewer.build/Objects-normal/arm64/PubSub\ Viewer_dependency_info.dat --stringsdata-file /Users/aditya/Library/Developer/Xcode/DerivedData/PubSub_Viewer-dxpuoflyzxynrvalegnfshwufgen/Build/Intermediates.noindex/PubSub\ Viewer.build/Debug/PubSub\ Viewer.build/Objects-normal/arm64/ExtractedAppShortcutsMetadata.stringsdata --source-file-list /Users/aditya/Library/Developer/Xcode/DerivedData/PubSub_Viewer-dxpuoflyzxynrvalegnfshwufgen/Build/Intermediates.noindex/PubSub\ Viewer.build/Debug/PubSub\ Viewer.build/Objects-normal/arm64/PubSub\ Viewer.SwiftFileList --metadata-file-list /Users/aditya/Library/Developer/Xcode/DerivedData/PubSub_Viewer-dxpuoflyzxynrvalegnfshwufgen/Build/Intermediates.noindex/PubSub\ Viewer.build/Debug/PubSub\ Viewer.build/PubSub\ Viewer.DependencyMetadataFileList --static-metadata-file-list /Users/aditya/Library/Developer/Xcode/DerivedData/PubSub_Viewer-dxpuoflyzxynrvalegnfshwufgen/Build/Intermediates.noindex/PubSub\ Viewer.build/Debug/PubSub\ Viewer.build/PubSub\ Viewer.DependencyStaticMetadataFileList --swift-const-vals-list /Users/aditya/Library/Developer/Xcode/DerivedData/PubSub_Viewer-dxpuoflyzxynrvalegnfshwufgen/Build/Intermediates.noindex/PubSub\ Viewer.build/Debug/PubSub\ Viewer.build/Objects-normal/arm64/PubSub\ Viewer.SwiftConstValuesFileList --compile-time-extraction --deployment-aware-processing --validate-assistant-intents --no-app-shortcuts-localization
2026-01-10 10:49:09.276 appintentsmetadataprocessor[5515:7313161] Starting appintentsmetadataprocessor export
2026-01-10 10:49:09.277 appintentsmetadataprocessor[5515:7313161] warning: Metadata extraction skipped. No AppIntents.framework dependency found.

CodeSign /Users/aditya/Library/Developer/Xcode/DerivedData/PubSub_Viewer-dxpuoflyzxynrvalegnfshwufgen/Build/Products/Debug/PubSub\ Viewer.app/Contents/MacOS/PubSub\ Viewer.debug.dylib (in target 'PubSub Viewer' from project 'PubSub Viewer')
    cd /Users/aditya/code/macos/PubSub\ Viewer
    
    Signing Identity:     "Sign to Run Locally"
    
    /usr/bin/codesign --force --sign - --timestamp\=none --generate-entitlement-der /Users/aditya/Library/Developer/Xcode/DerivedData/PubSub_Viewer-dxpuoflyzxynrvalegnfshwufgen/Build/Products/Debug/PubSub\ Viewer.app/Contents/MacOS/PubSub\ Viewer.debug.dylib

CodeSign /Users/aditya/Library/Developer/Xcode/DerivedData/PubSub_Viewer-dxpuoflyzxynrvalegnfshwufgen/Build/Products/Debug/PubSub\ Viewer.app/Contents/MacOS/__preview.dylib (in target 'PubSub Viewer' from project 'PubSub Viewer')
    cd /Users/aditya/code/macos/PubSub\ Viewer
    
    Signing Identity:     "Sign to Run Locally"
    
    /usr/bin/codesign --force --sign - --timestamp\=none --generate-entitlement-der /Users/aditya/Library/Developer/Xcode/DerivedData/PubSub_Viewer-dxpuoflyzxynrvalegnfshwufgen/Build/Products/Debug/PubSub\ Viewer.app/Contents/MacOS/__preview.dylib

CodeSign /Users/aditya/Library/Developer/Xcode/DerivedData/PubSub_Viewer-dxpuoflyzxynrvalegnfshwufgen/Build/Products/Debug/PubSub\ Viewer.app (in target 'PubSub Viewer' from project 'PubSub Viewer')
    cd /Users/aditya/code/macos/PubSub\ Viewer
    
    Signing Identity:     "Sign to Run Locally"
    
    /usr/bin/codesign --force --sign - --entitlements /Users/aditya/Library/Developer/Xcode/DerivedData/PubSub_Viewer-dxpuoflyzxynrvalegnfshwufgen/Build/Intermediates.noindex/PubSub\ Viewer.build/Debug/PubSub\ Viewer.build/PubSub\ Viewer.app.xcent --timestamp\=none --generate-entitlement-der /Users/aditya/Library/Developer/Xcode/DerivedData/PubSub_Viewer-dxpuoflyzxynrvalegnfshwufgen/Build/Products/Debug/PubSub\ Viewer.app

Validate /Users/aditya/Library/Developer/Xcode/DerivedData/PubSub_Viewer-dxpuoflyzxynrvalegnfshwufgen/Build/Products/Debug/PubSub\ Viewer.app (in target 'PubSub Viewer' from project 'PubSub Viewer')
    cd /Users/aditya/code/macos/PubSub\ Viewer
    builtin-validationUtility /Users/aditya/Library/Developer/Xcode/DerivedData/PubSub_Viewer-dxpuoflyzxynrvalegnfshwufgen/Build/Products/Debug/PubSub\ Viewer.app -no-validate-extension -infoplist-subpath Contents/Info.plist

RegisterWithLaunchServices /Users/aditya/Library/Developer/Xcode/DerivedData/PubSub_Viewer-dxpuoflyzxynrvalegnfshwufgen/Build/Products/Debug/PubSub\ Viewer.app (in target 'PubSub Viewer' from project 'PubSub Viewer')
    cd /Users/aditya/code/macos/PubSub\ Viewer
    /System/Library/Frameworks/CoreServices.framework/Versions/Current/Frameworks/LaunchServices.framework/Versions/Current/Support/lsregister -f -R -trusted /Users/aditya/Library/Developer/Xcode/DerivedData/PubSub_Viewer-dxpuoflyzxynrvalegnfshwufgen/Build/Products/Debug/PubSub\ Viewer.app

** BUILD SUCCEEDED **

